mode: set
github.com/KianIt/swag2api/generate.go:40.69,43.55 2 0
github.com/KianIt/swag2api/generate.go:43.55,45.3 1 0
github.com/KianIt/swag2api/generate.go:47.2,48.61 2 0
github.com/KianIt/swag2api/generate.go:48.61,50.3 1 0
github.com/KianIt/swag2api/generate.go:52.2,53.59 2 0
github.com/KianIt/swag2api/generate.go:53.59,55.3 1 0
github.com/KianIt/swag2api/generate.go:57.2,58.64 2 0
github.com/KianIt/swag2api/generate.go:58.64,60.3 1 0
github.com/KianIt/swag2api/generate.go:62.2,62.71 1 0
github.com/KianIt/swag2api/generate.go:62.71,64.3 1 0
github.com/KianIt/swag2api/generate.go:66.2,68.12 2 0
github.com/KianIt/swag2api/builder/builder.go:37.64,43.2 1 0
github.com/KianIt/swag2api/builder/builder.go:48.47,51.36 2 0
github.com/KianIt/swag2api/builder/builder.go:51.36,53.3 1 0
github.com/KianIt/swag2api/builder/builder.go:55.2,57.46 2 0
github.com/KianIt/swag2api/builder/builder.go:57.46,59.3 1 0
github.com/KianIt/swag2api/builder/builder.go:61.2,63.12 2 0
github.com/KianIt/swag2api/builder/builder.go:67.52,69.16 2 0
github.com/KianIt/swag2api/builder/builder.go:69.16,71.3 1 0
github.com/KianIt/swag2api/builder/builder.go:73.2,74.16 2 0
github.com/KianIt/swag2api/builder/builder.go:74.16,76.3 1 0
github.com/KianIt/swag2api/builder/builder.go:78.2,78.77 1 0
github.com/KianIt/swag2api/builder/builder.go:78.77,80.3 1 0
github.com/KianIt/swag2api/builder/builder.go:82.2,82.12 1 0
github.com/KianIt/swag2api/builder/builder.go:86.45,91.71 3 0
github.com/KianIt/swag2api/builder/builder.go:91.71,93.3 1 0
github.com/KianIt/swag2api/builder/builder.go:95.2,96.16 2 0
github.com/KianIt/swag2api/builder/builder.go:96.16,98.3 1 0
github.com/KianIt/swag2api/builder/builder.go:100.2,100.21 1 0
github.com/KianIt/swag2api/builder/builder.go:104.30,110.2 5 0
github.com/KianIt/swag2api/builder/builder.go:115.32,121.34 5 0
github.com/KianIt/swag2api/builder/builder.go:121.34,123.3 1 0
github.com/KianIt/swag2api/builder/builder.go:127.42,129.2 1 0
github.com/KianIt/swag2api/builder/builder.go:132.56,134.2 1 0
github.com/KianIt/swag2api/builder/builder.go:139.36,140.28 1 0
github.com/KianIt/swag2api/builder/builder.go:140.28,142.3 1 0
github.com/KianIt/swag2api/builder/builder.go:144.2,144.83 1 0
github.com/KianIt/swag2api/builder/builder.go:150.34,152.16 2 0
github.com/KianIt/swag2api/builder/builder.go:152.16,155.3 2 0
github.com/KianIt/swag2api/builder/builder.go:157.2,157.29 1 0
github.com/KianIt/swag2api/builder/builder.go:157.29,159.3 1 0
github.com/KianIt/swag2api/builder/builder.go:166.29,176.30 3 0
github.com/KianIt/swag2api/builder/builder.go:176.30,188.3 1 0
github.com/KianIt/swag2api/builder/builder.go:190.2,203.3 2 0
github.com/KianIt/swag2api/builder/builder.go:207.37,208.30 1 0
github.com/KianIt/swag2api/builder/builder.go:208.30,210.3 1 0
github.com/KianIt/swag2api/builder/builder.go:218.56,244.2 6 0
github.com/KianIt/swag2api/builder/builder.go:247.109,250.33 2 0
github.com/KianIt/swag2api/builder/builder.go:250.33,251.23 1 0
github.com/KianIt/swag2api/builder/builder.go:252.40,258.38 2 0
github.com/KianIt/swag2api/builder/builder.go:258.38,263.5 1 0
github.com/KianIt/swag2api/builder/builder.go:263.10,268.5 1 0
github.com/KianIt/swag2api/builder/builder.go:270.4,284.5 4 0
github.com/KianIt/swag2api/builder/builder.go:285.23,286.42 1 0
github.com/KianIt/swag2api/builder/builder.go:290.2,290.26 1 0
github.com/KianIt/swag2api/builder/builder.go:290.26,292.3 1 0
github.com/KianIt/swag2api/builder/builder.go:294.2,299.33 3 0
github.com/KianIt/swag2api/builder/builder.go:303.100,312.21 3 0
github.com/KianIt/swag2api/builder/builder.go:312.21,315.32 2 0
github.com/KianIt/swag2api/builder/builder.go:315.32,323.4 1 0
github.com/KianIt/swag2api/builder/builder.go:325.3,335.18 4 0
github.com/KianIt/swag2api/builder/builder.go:336.8,341.3 3 0
github.com/KianIt/swag2api/builder/builder.go:343.2,352.29 4 0
github.com/KianIt/swag2api/builder/builder.go:356.117,358.13 2 0
github.com/KianIt/swag2api/builder/builder.go:358.13,360.3 1 0
github.com/KianIt/swag2api/builder/builder.go:360.8,362.3 1 0
github.com/KianIt/swag2api/builder/builder.go:363.2,378.12 3 0
github.com/KianIt/swag2api/builder/builder.go:382.94,384.35 2 0
github.com/KianIt/swag2api/builder/builder.go:384.35,386.3 1 0
github.com/KianIt/swag2api/builder/builder.go:388.2,389.33 2 0
github.com/KianIt/swag2api/builder/builder.go:389.33,391.53 2 0
github.com/KianIt/swag2api/builder/builder.go:391.53,393.4 1 0
github.com/KianIt/swag2api/builder/builder.go:393.9,395.4 1 0
github.com/KianIt/swag2api/builder/builder.go:396.3,396.45 1 0
github.com/KianIt/swag2api/builder/builder.go:399.2,408.14 2 0
github.com/KianIt/swag2api/builder/builder.go:412.73,418.35 5 0
github.com/KianIt/swag2api/builder/builder.go:418.35,419.25 1 0
github.com/KianIt/swag2api/builder/builder.go:419.25,420.12 1 0
github.com/KianIt/swag2api/builder/builder.go:423.3,423.23 1 0
github.com/KianIt/swag2api/builder/builder.go:423.23,426.12 3 0
github.com/KianIt/swag2api/builder/builder.go:429.3,444.4 2 0
github.com/KianIt/swag2api/builder/builder.go:447.2,464.21 2 0
github.com/KianIt/swag2api/builder/builder.go:464.21,469.3 1 0
github.com/KianIt/swag2api/builder/builder.go:469.8,474.3 1 0
github.com/KianIt/swag2api/builder/builder.go:476.2,476.14 1 0
github.com/KianIt/swag2api/builder/builder.go:480.56,495.2 2 0
github.com/KianIt/swag2api/builder/builder.go:498.52,509.2 1 0
github.com/KianIt/swag2api/builder/ast/file-compiler/file-compiler.go:21.52,29.2 1 0
github.com/KianIt/swag2api/builder/ast/file-compiler/file-compiler.go:32.62,38.2 2 0
github.com/KianIt/swag2api/builder/ast/file-compiler/file-compiler.go:41.51,43.2 1 0
github.com/KianIt/swag2api/builder/ast/file-compiler/file-compiler.go:46.45,47.25 1 0
github.com/KianIt/swag2api/builder/ast/file-compiler/file-compiler.go:47.25,49.3 1 0
github.com/KianIt/swag2api/builder/ast/file-compiler/file-compiler.go:51.2,51.32 1 0
github.com/KianIt/swag2api/builder/ast/file-compiler/file-compiler.go:51.32,53.3 1 0
github.com/KianIt/swag2api/builder/ast/file-compiler/file-compiler.go:55.2,55.16 1 0
github.com/KianIt/swag2api/builder/ast/file-compiler/file-compiler.go:59.42,61.25 2 0
github.com/KianIt/swag2api/builder/ast/file-compiler/file-compiler.go:61.25,64.3 2 0
github.com/KianIt/swag2api/builder/ast/file-compiler/file-compiler.go:66.2,73.22 2 0
github.com/KianIt/swag2api/builder/ast/file-compiler/file-compiler.go:77.55,79.2 1 0
github.com/KianIt/swag2api/builder/ast/models/getters.go:9.49,15.2 1 0
github.com/KianIt/swag2api/builder/ast/models/getters.go:18.47,23.2 1 0
github.com/KianIt/swag2api/builder/ast/models/getters.go:26.40,32.2 1 0
github.com/KianIt/swag2api/builder/ast/models/getters.go:35.50,40.2 1 0
github.com/KianIt/swag2api/builder/ast/models/getters.go:43.53,48.2 1 0
github.com/KianIt/swag2api/builder/ast/models/getters.go:51.57,56.2 1 0
github.com/KianIt/swag2api/builder/ast/models/getters.go:59.44,64.2 1 0
github.com/KianIt/swag2api/builder/ast/models/getters.go:67.36,69.2 1 0
github.com/KianIt/swag2api/builder/ast/models/getters.go:72.44,74.2 1 0
github.com/KianIt/swag2api/builder/ast/models/getters.go:77.50,79.2 1 0
github.com/KianIt/swag2api/builder/ast/models/getters.go:82.61,88.2 1 0
github.com/KianIt/swag2api/builder/ast/models/getters.go:91.53,107.2 1 0
github.com/KianIt/swag2api/builder/ast/models/getters.go:110.49,117.2 1 0
github.com/KianIt/swag2api/builder/ast/models/getters.go:120.34,124.2 1 0
github.com/KianIt/swag2api/builder/ast/models/getters.go:127.45,137.2 1 0
github.com/KianIt/swag2api/builder/ast/models/getters.go:140.68,153.2 1 0
github.com/KianIt/swag2api/builder/ast/models/types.go:19.37,20.18 1 0
github.com/KianIt/swag2api/builder/ast/models/types.go:20.18,22.3 1 0
github.com/KianIt/swag2api/builder/ast/models/types.go:24.2,25.23 2 0
github.com/KianIt/swag2api/builder/ast/models/types.go:25.23,27.3 1 0
github.com/KianIt/swag2api/builder/ast/models/types.go:29.2,29.14 1 0
github.com/KianIt/swag2api/builder/ast/models/types.go:33.34,34.18 1 0
github.com/KianIt/swag2api/builder/ast/models/types.go:34.18,36.3 1 0
github.com/KianIt/swag2api/builder/ast/models/types.go:38.2,39.23 2 0
github.com/KianIt/swag2api/builder/ast/models/types.go:39.23,41.3 1 0
github.com/KianIt/swag2api/builder/ast/models/types.go:43.2,43.14 1 0
github.com/KianIt/swag2api/builder/ast/models/types.go:47.34,48.18 1 0
github.com/KianIt/swag2api/builder/ast/models/types.go:48.18,50.3 1 0
github.com/KianIt/swag2api/builder/ast/models/types.go:52.2,53.23 2 0
github.com/KianIt/swag2api/builder/ast/models/types.go:53.23,55.3 1 0
github.com/KianIt/swag2api/builder/ast/models/types.go:57.2,57.14 1 0
github.com/KianIt/swag2api/builder/ast/template/manager.go:30.28,35.2 1 0
github.com/KianIt/swag2api/builder/ast/template/manager.go:41.32,45.16 3 0
github.com/KianIt/swag2api/builder/ast/template/manager.go:45.16,47.3 1 0
github.com/KianIt/swag2api/builder/ast/template/manager.go:49.2,52.16 3 0
github.com/KianIt/swag2api/builder/ast/template/manager.go:52.16,54.3 1 0
github.com/KianIt/swag2api/builder/ast/template/manager.go:56.2,56.29 1 0
github.com/KianIt/swag2api/builder/ast/template/manager.go:56.29,58.3 1 0
github.com/KianIt/swag2api/builder/ast/template/manager.go:60.2,62.12 2 0
github.com/KianIt/swag2api/builder/ast/template/manager.go:66.67,69.86 2 0
github.com/KianIt/swag2api/builder/ast/template/manager.go:69.86,70.53 1 0
github.com/KianIt/swag2api/builder/ast/template/manager.go:70.53,72.4 1 0
github.com/KianIt/swag2api/builder/ast/template/manager.go:74.3,75.22 2 0
github.com/KianIt/swag2api/builder/ast/template/manager.go:75.22,77.4 1 0
github.com/KianIt/swag2api/builder/ast/template/manager.go:79.3,81.13 2 0
github.com/KianIt/swag2api/builder/ast/template/manager.go:82.17,84.3 1 0
github.com/KianIt/swag2api/builder/ast/template/manager.go:86.2,86.19 1 0
github.com/KianIt/swag2api/builder/ast/template/manager.go:92.52,93.17 1 0
github.com/KianIt/swag2api/builder/ast/template/manager.go:93.17,95.3 1 0
github.com/KianIt/swag2api/builder/ast/template/manager.go:97.2,97.29 1 0
github.com/KianIt/swag2api/builder/ast/template/manager.go:98.17,99.11 1 0
github.com/KianIt/swag2api/builder/ast/template/manager.go:100.20,102.35 1 0
github.com/KianIt/swag2api/builder/ast/template/manager.go:102.35,103.97 1 0
github.com/KianIt/swag2api/builder/ast/template/manager.go:103.97,105.5 1 0
github.com/KianIt/swag2api/builder/ast/template/manager.go:108.3,108.11 1 0
github.com/KianIt/swag2api/builder/ast/template/manager.go:109.21,111.48 1 0
github.com/KianIt/swag2api/builder/ast/template/manager.go:111.48,113.4 1 0
github.com/KianIt/swag2api/builder/ast/template/manager.go:115.3,115.11 1 0
github.com/KianIt/swag2api/builder/ast/template/manager.go:118.2,118.12 1 0
github.com/KianIt/swag2api/builder/ast/template/manager.go:122.60,123.22 1 0
github.com/KianIt/swag2api/builder/ast/template/manager.go:123.22,125.3 1 0
github.com/KianIt/swag2api/builder/ast/template/manager.go:127.2,128.44 2 0
github.com/KianIt/swag2api/builder/ast/template/manager.go:128.44,129.42 1 0
github.com/KianIt/swag2api/builder/ast/template/manager.go:129.42,131.4 1 0
github.com/KianIt/swag2api/builder/ast/template/manager.go:134.2,134.19 1 0
github.com/KianIt/swag2api/builder/ast/template/manager.go:138.44,140.9 2 0
github.com/KianIt/swag2api/builder/ast/template/manager.go:140.9,142.3 1 0
github.com/KianIt/swag2api/builder/ast/template/manager.go:144.2,144.74 1 0
github.com/KianIt/swag2api/builder/ast/template/models/templates.go:27.43,29.2 1 0
github.com/KianIt/swag2api/builder/ast/template/templates/handle-bad-request.go:7.58,13.16 2 0
github.com/KianIt/swag2api/builder/ast/template/templates/handle-bad-request.go:13.16,15.3 1 0
github.com/KianIt/swag2api/builder/ast/template/templates/handle-bad-request.go:17.2,21.35 2 0
github.com/KianIt/swag2api/builder/ast/template/templates/handle-result.go:7.68,8.16 1 0
github.com/KianIt/swag2api/builder/ast/template/templates/handle-result.go:8.16,11.3 2 0
github.com/KianIt/swag2api/builder/ast/template/templates/handle-result.go:13.2,16.9 1 0
github.com/KianIt/swag2api/builder/ast/template/templates/handle-result.go:16.9,17.33 1 0
github.com/KianIt/swag2api/builder/ast/template/templates/handle-result.go:17.33,19.4 1 0
github.com/KianIt/swag2api/builder/ast/template/templates/handle-result.go:19.9,19.29 1 0
github.com/KianIt/swag2api/builder/ast/template/templates/handle-result.go:19.29,21.4 1 0
github.com/KianIt/swag2api/builder/ast/template/templates/handle-result.go:21.9,23.4 1 0
github.com/KianIt/swag2api/builder/ast/template/templates/handle-result.go:24.3,24.9 1 0
github.com/KianIt/swag2api/builder/ast/template/templates/handle-result.go:27.2,27.87 1 0
github.com/KianIt/swag2api/builder/ast/template/templates/unmarshal-data.go:8.63,10.2 1 0
github.com/KianIt/swag2api/builder/ast/template/templates/unmarshal-data.go:12.62,13.51 1 0
github.com/KianIt/swag2api/builder/ast/template/templates/unmarshal-data.go:13.51,15.3 1 0
github.com/KianIt/swag2api/builder/ast/template/templates/unmarshal-data.go:17.2,17.17 1 0
github.com/KianIt/swag2api/builder/ast/template/templates/write-response.go:8.68,12.2 3 0
github.com/KianIt/swag2api/builder/models/token.go:42.36,44.2 1 0
github.com/KianIt/swag2api/builder/models/token.go:47.32,49.2 1 0
github.com/KianIt/swag2api/cmd/swag2api/main.go:24.18,30.2 5 0
github.com/KianIt/swag2api/cmd/swag2api/main.go:32.13,35.87 2 0
github.com/KianIt/swag2api/cmd/swag2api/main.go:35.87,37.3 1 0
github.com/KianIt/swag2api/example/generated.go:17.63,19.2 1 0
github.com/KianIt/swag2api/example/generated.go:20.62,21.51 1 0
github.com/KianIt/swag2api/example/generated.go:21.51,23.3 1 0
github.com/KianIt/swag2api/example/generated.go:24.2,24.17 1 0
github.com/KianIt/swag2api/example/generated.go:26.58,31.16 2 0
github.com/KianIt/swag2api/example/generated.go:31.16,33.3 1 0
github.com/KianIt/swag2api/example/generated.go:34.2,35.35 2 0
github.com/KianIt/swag2api/example/generated.go:37.68,38.16 1 0
github.com/KianIt/swag2api/example/generated.go:38.16,41.3 2 0
github.com/KianIt/swag2api/example/generated.go:42.2,45.9 1 0
github.com/KianIt/swag2api/example/generated.go:45.9,46.33 1 0
github.com/KianIt/swag2api/example/generated.go:46.33,48.4 1 0
github.com/KianIt/swag2api/example/generated.go:48.9,48.29 1 0
github.com/KianIt/swag2api/example/generated.go:48.29,50.4 1 0
github.com/KianIt/swag2api/example/generated.go:50.9,52.4 1 0
github.com/KianIt/swag2api/example/generated.go:53.3,53.9 1 0
github.com/KianIt/swag2api/example/generated.go:55.2,55.87 1 0
github.com/KianIt/swag2api/example/generated.go:57.68,61.2 3 0
github.com/KianIt/swag2api/example/generated.go:62.63,65.35 3 0
github.com/KianIt/swag2api/example/generated.go:65.35,68.3 2 0
github.com/KianIt/swag2api/example/generated.go:69.2,71.32 3 0
github.com/KianIt/swag2api/example/generated.go:71.32,74.3 2 0
github.com/KianIt/swag2api/example/generated.go:75.2,77.36 3 0
github.com/KianIt/swag2api/example/generated.go:77.36,80.3 2 0
github.com/KianIt/swag2api/example/generated.go:81.2,83.33 3 0
github.com/KianIt/swag2api/example/generated.go:83.33,86.3 2 0
github.com/KianIt/swag2api/example/generated.go:87.2,89.34 3 0
github.com/KianIt/swag2api/example/generated.go:89.34,92.3 2 0
github.com/KianIt/swag2api/example/generated.go:93.2,98.37 4 0
github.com/KianIt/swag2api/example/generated.go:100.64,107.2 4 0
github.com/KianIt/swag2api/example/generated.go:108.63,111.36 3 0
github.com/KianIt/swag2api/example/generated.go:111.36,114.3 2 0
github.com/KianIt/swag2api/example/generated.go:115.2,117.33 3 0
github.com/KianIt/swag2api/example/generated.go:117.33,120.3 2 0
github.com/KianIt/swag2api/example/generated.go:121.2,123.37 3 0
github.com/KianIt/swag2api/example/generated.go:123.37,126.3 2 0
github.com/KianIt/swag2api/example/generated.go:127.2,129.34 3 0
github.com/KianIt/swag2api/example/generated.go:129.34,132.3 2 0
github.com/KianIt/swag2api/example/generated.go:133.2,135.35 3 0
github.com/KianIt/swag2api/example/generated.go:135.35,138.3 2 0
github.com/KianIt/swag2api/example/generated.go:139.2,143.37 4 0
github.com/KianIt/swag2api/example/generated.go:145.63,147.25 2 0
github.com/KianIt/swag2api/example/generated.go:147.25,150.3 2 0
github.com/KianIt/swag2api/example/generated.go:151.2,159.35 3 0
github.com/KianIt/swag2api/example/generated.go:159.35,162.3 2 0
github.com/KianIt/swag2api/example/generated.go:163.2,168.37 4 0
github.com/KianIt/swag2api/example/generated.go:170.63,173.35 3 0
github.com/KianIt/swag2api/example/generated.go:173.35,176.3 2 0
github.com/KianIt/swag2api/example/generated.go:177.2,179.36 3 0
github.com/KianIt/swag2api/example/generated.go:179.36,182.3 2 0
github.com/KianIt/swag2api/example/generated.go:183.2,184.25 2 0
github.com/KianIt/swag2api/example/generated.go:184.25,187.3 2 0
github.com/KianIt/swag2api/example/generated.go:188.2,189.35 2 0
github.com/KianIt/swag2api/example/generated.go:189.35,192.3 2 0
github.com/KianIt/swag2api/example/generated.go:193.2,198.38 4 0
github.com/KianIt/swag2api/example/generated.go:200.63,202.25 2 0
github.com/KianIt/swag2api/example/generated.go:202.25,205.3 2 0
github.com/KianIt/swag2api/example/generated.go:206.2,207.32 2 0
github.com/KianIt/swag2api/example/generated.go:207.32,210.3 2 0
github.com/KianIt/swag2api/example/generated.go:211.2,216.39 4 0
github.com/KianIt/swag2api/example/generated.go:218.63,221.31 3 0
github.com/KianIt/swag2api/example/generated.go:221.31,224.3 2 0
github.com/KianIt/swag2api/example/generated.go:225.2,227.31 3 0
github.com/KianIt/swag2api/example/generated.go:227.31,230.3 2 0
github.com/KianIt/swag2api/example/generated.go:231.2,233.31 3 0
github.com/KianIt/swag2api/example/generated.go:233.31,236.3 2 0
github.com/KianIt/swag2api/example/generated.go:237.2,239.31 3 0
github.com/KianIt/swag2api/example/generated.go:239.31,242.3 2 0
github.com/KianIt/swag2api/example/generated.go:243.2,245.31 3 0
github.com/KianIt/swag2api/example/generated.go:245.31,248.3 2 0
github.com/KianIt/swag2api/example/generated.go:249.2,254.37 4 0
github.com/KianIt/swag2api/example/generated.go:256.63,258.25 2 0
github.com/KianIt/swag2api/example/generated.go:258.25,261.3 2 0
github.com/KianIt/swag2api/example/generated.go:262.2,268.35 3 0
github.com/KianIt/swag2api/example/generated.go:268.35,271.3 2 0
github.com/KianIt/swag2api/example/generated.go:272.2,277.37 4 0
github.com/KianIt/swag2api/example/generated.go:279.63,286.2 4 0
github.com/KianIt/swag2api/example/generated.go:287.63,294.2 4 0
github.com/KianIt/swag2api/example/generated.go:295.13,308.2 12 0
github.com/KianIt/swag2api/example/main.go:27.93,31.2 3 0
github.com/KianIt/swag2api/example/main.go:33.13,36.81 2 0
github.com/KianIt/swag2api/example/main.go:36.81,38.3 1 0
github.com/KianIt/swag2api/example/main.go:41.45,48.2 1 0
github.com/KianIt/swag2api/example/main.go:50.56,51.71 1 0
github.com/KianIt/swag2api/example/main.go:51.71,56.49 2 0
github.com/KianIt/swag2api/example/main.go:56.49,59.4 2 0
github.com/KianIt/swag2api/example/main.go:60.3,64.23 3 0
github.com/KianIt/swag2api/example/main.go:68.95,71.12 2 0
github.com/KianIt/swag2api/example/main.go:71.12,73.90 2 0
github.com/KianIt/swag2api/example/main.go:73.90,75.4 1 0
github.com/KianIt/swag2api/example/main.go:76.3,76.17 1 0
github.com/KianIt/swag2api/example/main.go:79.2,82.9 3 0
github.com/KianIt/swag2api/example/main.go:83.24,84.48 1 0
github.com/KianIt/swag2api/example/main.go:85.14,86.49 1 0
github.com/KianIt/swag2api/example/main.go:87.20,88.56 1 0
github.com/KianIt/swag2api/example/main.go:91.2,94.53 3 0
github.com/KianIt/swag2api/example/main.go:94.53,95.50 1 0
github.com/KianIt/swag2api/example/main.go:95.50,97.4 1 0
github.com/KianIt/swag2api/example/main.go:98.3,98.47 1 0
github.com/KianIt/swag2api/example/main.go:101.2,103.12 2 0
github.com/KianIt/swag2api/example/methods.go:27.127,29.2 1 0
github.com/KianIt/swag2api/example/methods.go:39.127,41.2 1 0
github.com/KianIt/swag2api/example/methods.go:51.125,53.2 1 0
github.com/KianIt/swag2api/example/methods.go:61.74,63.2 1 0
github.com/KianIt/swag2api/example/methods.go:69.80,71.2 1 0
github.com/KianIt/swag2api/example/methods.go:77.107,79.2 1 0
github.com/KianIt/swag2api/example/methods.go:87.150,89.2 1 0
github.com/KianIt/swag2api/example/methods.go:94.43,96.2 1 0
github.com/KianIt/swag2api/example/methods.go:101.43,103.2 1 0
github.com/KianIt/swag2api/example/methods.go:108.44,110.2 1 0
github.com/KianIt/swag2api/models/endpoint.go:12.40,14.2 1 0
github.com/KianIt/swag2api/models/field.go:16.31,18.2 1 0
github.com/KianIt/swag2api/models/field.go:21.41,22.21 1 0
github.com/KianIt/swag2api/models/field.go:22.21,24.3 1 0
github.com/KianIt/swag2api/models/field.go:25.2,25.11 1 0
github.com/KianIt/swag2api/models/field.go:29.33,31.2 1 0
github.com/KianIt/swag2api/models/function.go:14.40,16.2 1 0
github.com/KianIt/swag2api/models/function.go:22.47,25.23 2 0
github.com/KianIt/swag2api/models/function.go:25.23,27.3 1 0
github.com/KianIt/swag2api/models/function.go:29.2,29.13 1 0
github.com/KianIt/swag2api/models/import.go:15.33,17.2 1 0
github.com/KianIt/swag2api/models/param.go:17.36,19.2 1 0
github.com/KianIt/swag2api/models/param.go:25.41,28.23 2 0
github.com/KianIt/swag2api/models/param.go:28.23,30.3 1 0
github.com/KianIt/swag2api/models/param.go:32.2,32.13 1 0
github.com/KianIt/swag2api/models/param.go:39.50,41.2 1 0
github.com/KianIt/swag2api/models/param.go:44.39,46.2 1 0
github.com/KianIt/swag2api/models/param.go:49.41,51.2 1 0
github.com/KianIt/swag2api/models/param.go:54.42,56.2 1 0
github.com/KianIt/swag2api/models/param.go:80.61,81.20 1 0
github.com/KianIt/swag2api/models/param.go:82.14,83.19 1 0
github.com/KianIt/swag2api/models/param.go:84.15,85.20 1 0
github.com/KianIt/swag2api/models/param.go:86.14,87.19 1 0
github.com/KianIt/swag2api/models/param.go:88.10,89.70 1 0
github.com/KianIt/swag2api/parser/annot/parser.go:31.31,36.2 1 0
github.com/KianIt/swag2api/parser/annot/parser.go:42.56,45.71 2 0
github.com/KianIt/swag2api/parser/annot/parser.go:45.71,47.3 1 0
github.com/KianIt/swag2api/parser/annot/parser.go:50.2,50.58 1 0
github.com/KianIt/swag2api/parser/annot/parser.go:50.58,51.49 1 0
github.com/KianIt/swag2api/parser/annot/parser.go:51.49,53.4 1 0
github.com/KianIt/swag2api/parser/annot/parser.go:56.2,56.42 1 0
github.com/KianIt/swag2api/parser/annot/parser.go:56.42,56.86 1 0
github.com/KianIt/swag2api/parser/annot/parser.go:58.2,60.12 2 0
github.com/KianIt/swag2api/parser/annot/parser.go:64.67,65.21 1 0
github.com/KianIt/swag2api/parser/annot/parser.go:65.21,66.71 1 0
github.com/KianIt/swag2api/parser/annot/parser.go:66.71,68.4 1 0
github.com/KianIt/swag2api/parser/annot/parser.go:71.2,71.22 1 0
github.com/KianIt/swag2api/parser/annot/parser.go:71.22,72.73 1 0
github.com/KianIt/swag2api/parser/annot/parser.go:72.73,74.4 1 0
github.com/KianIt/swag2api/parser/annot/parser.go:77.2,77.21 1 0
github.com/KianIt/swag2api/parser/annot/parser.go:77.21,78.71 1 0
github.com/KianIt/swag2api/parser/annot/parser.go:78.71,80.4 1 0
github.com/KianIt/swag2api/parser/annot/parser.go:83.2,83.23 1 0
github.com/KianIt/swag2api/parser/annot/parser.go:83.23,84.75 1 0
github.com/KianIt/swag2api/parser/annot/parser.go:84.75,86.4 1 0
github.com/KianIt/swag2api/parser/annot/parser.go:89.2,89.24 1 0
github.com/KianIt/swag2api/parser/annot/parser.go:89.24,90.77 1 0
github.com/KianIt/swag2api/parser/annot/parser.go:90.77,92.4 1 0
github.com/KianIt/swag2api/parser/annot/parser.go:95.2,95.25 1 0
github.com/KianIt/swag2api/parser/annot/parser.go:95.25,96.79 1 0
github.com/KianIt/swag2api/parser/annot/parser.go:96.79,98.4 1 0
github.com/KianIt/swag2api/parser/annot/parser.go:101.2,101.22 1 0
github.com/KianIt/swag2api/parser/annot/parser.go:101.22,102.73 1 0
github.com/KianIt/swag2api/parser/annot/parser.go:102.73,104.4 1 0
github.com/KianIt/swag2api/parser/annot/parser.go:107.2,107.12 1 0
github.com/KianIt/swag2api/parser/annot/parser.go:111.77,112.15 1 0
github.com/KianIt/swag2api/parser/annot/parser.go:112.15,114.3 1 0
github.com/KianIt/swag2api/parser/annot/parser.go:116.2,116.17 1 0
github.com/KianIt/swag2api/parser/annot/parser.go:116.17,118.3 1 0
github.com/KianIt/swag2api/parser/annot/parser.go:120.2,123.16 3 0
github.com/KianIt/swag2api/parser/annot/parser.go:123.16,125.3 1 0
github.com/KianIt/swag2api/parser/annot/parser.go:127.2,136.12 2 0
github.com/KianIt/swag2api/parser/annot/parser.go:140.79,143.39 2 0
github.com/KianIt/swag2api/parser/annot/parser.go:143.39,145.17 2 0
github.com/KianIt/swag2api/parser/annot/parser.go:145.17,147.4 1 0
github.com/KianIt/swag2api/parser/annot/parser.go:149.3,149.33 1 0
github.com/KianIt/swag2api/parser/annot/parser.go:152.2,152.20 1 0
github.com/KianIt/swag2api/parser/annot/parser.go:156.73,158.16 2 0
github.com/KianIt/swag2api/parser/annot/parser.go:158.16,160.3 1 0
github.com/KianIt/swag2api/parser/annot/parser.go:162.2,163.16 2 0
github.com/KianIt/swag2api/parser/annot/parser.go:163.16,165.3 1 0
github.com/KianIt/swag2api/parser/annot/parser.go:167.2,175.19 2 0
github.com/KianIt/swag2api/parser/annot/parser.go:182.74,185.26 2 0
github.com/KianIt/swag2api/parser/annot/parser.go:185.26,187.3 1 0
github.com/KianIt/swag2api/parser/annot/parser.go:187.8,193.30 2 0
github.com/KianIt/swag2api/parser/annot/parser.go:193.30,196.4 2 0
github.com/KianIt/swag2api/parser/annot/parser.go:198.3,205.4 1 0
github.com/KianIt/swag2api/parser/annot/parser.go:208.2,208.35 1 0
github.com/KianIt/swag2api/parser/annot/parser.go:212.75,213.19 1 0
github.com/KianIt/swag2api/parser/annot/parser.go:213.19,215.3 1 0
github.com/KianIt/swag2api/parser/annot/parser.go:218.2,218.51 1 0
github.com/KianIt/swag2api/parser/annot/parser.go:218.51,220.45 1 0
github.com/KianIt/swag2api/parser/annot/parser.go:220.45,225.4 2 0
github.com/KianIt/swag2api/parser/annot/parser.go:227.3,227.28 1 0
github.com/KianIt/swag2api/parser/annot/parser.go:231.2,232.24 2 0
github.com/KianIt/swag2api/parser/annot/parser.go:233.19,234.31 1 0
github.com/KianIt/swag2api/parser/annot/parser.go:235.20,236.29 1 0
github.com/KianIt/swag2api/parser/annot/parser.go:237.20,238.28 1 0
github.com/KianIt/swag2api/parser/annot/parser.go:239.19,240.30 1 0
github.com/KianIt/swag2api/parser/annot/parser.go:241.18,242.30 1 0
github.com/KianIt/swag2api/parser/annot/parser.go:243.32,244.28 1 0
github.com/KianIt/swag2api/parser/annot/parser.go:245.18,253.26 2 0
github.com/KianIt/swag2api/parser/annot/parser.go:253.26,255.18 2 0
github.com/KianIt/swag2api/parser/annot/parser.go:255.18,257.5 1 0
github.com/KianIt/swag2api/parser/annot/parser.go:261.3,261.32 1 0
github.com/KianIt/swag2api/parser/annot/parser.go:262.19,270.41 2 0
github.com/KianIt/swag2api/parser/annot/parser.go:270.41,272.18 2 0
github.com/KianIt/swag2api/parser/annot/parser.go:272.18,274.5 1 0
github.com/KianIt/swag2api/parser/annot/parser.go:278.3,278.30 1 0
github.com/KianIt/swag2api/parser/annot/parser.go:281.2,281.21 1 0
github.com/KianIt/swag2api/parser/annot/parser.go:281.21,283.3 1 0
github.com/KianIt/swag2api/parser/annot/parser.go:285.2,285.61 1 0
github.com/KianIt/swag2api/parser/parser-wrapper/parser.go:24.40,29.2 1 0
github.com/KianIt/swag2api/parser/parser-wrapper/parser.go:35.77,38.58 2 0
github.com/KianIt/swag2api/parser/parser-wrapper/parser.go:38.58,40.3 1 0
github.com/KianIt/swag2api/parser/parser-wrapper/parser.go:42.2,42.61 1 0
github.com/KianIt/swag2api/parser/parser-wrapper/parser.go:42.61,44.3 1 0
github.com/KianIt/swag2api/parser/parser-wrapper/parser.go:46.2,47.16 2 0
github.com/KianIt/swag2api/parser/parser-wrapper/parser.go:47.16,49.3 1 0
github.com/KianIt/swag2api/parser/parser-wrapper/parser.go:51.2,58.12 6 0
github.com/KianIt/swag2api/parser/parser-wrapper/parser.go:62.54,64.2 1 0
github.com/KianIt/swag2api/parser/parser-wrapper/parser.go:67.69,73.42 4 0
github.com/KianIt/swag2api/parser/parser-wrapper/parser.go:73.42,74.50 1 0
github.com/KianIt/swag2api/parser/parser-wrapper/parser.go:74.50,76.4 1 0
github.com/KianIt/swag2api/parser/parser-wrapper/parser.go:79.2,79.44 1 0
github.com/KianIt/swag2api/parser/parser-wrapper/parser.go:79.44,80.57 1 0
github.com/KianIt/swag2api/parser/parser-wrapper/parser.go:80.57,84.18 3 0
github.com/KianIt/swag2api/parser/parser-wrapper/parser.go:84.18,86.5 1 0
github.com/KianIt/swag2api/parser/parser-wrapper/parser.go:87.4,89.53 2 0
github.com/KianIt/swag2api/parser/parser-wrapper/parser.go:93.2,93.27 1 0
github.com/KianIt/swag2api/parser/parser-wrapper/parser.go:97.107,103.41 4 0
github.com/KianIt/swag2api/parser/parser-wrapper/parser.go:103.41,104.52 1 0
github.com/KianIt/swag2api/parser/parser-wrapper/parser.go:104.52,106.4 1 0
github.com/KianIt/swag2api/parser/parser-wrapper/parser.go:109.2,109.43 1 0
github.com/KianIt/swag2api/parser/parser-wrapper/parser.go:109.43,111.10 2 0
github.com/KianIt/swag2api/parser/parser-wrapper/parser.go:111.10,113.4 1 0
github.com/KianIt/swag2api/parser/parser-wrapper/parser.go:113.9,113.51 1 0
github.com/KianIt/swag2api/parser/parser-wrapper/parser.go:113.51,115.4 1 0
github.com/KianIt/swag2api/parser/parser-wrapper/parser.go:117.3,118.55 2 0
github.com/KianIt/swag2api/parser/parser-wrapper/parser.go:121.2,121.28 1 0
github.com/KianIt/swag2api/parser/source/parser.go:37.32,43.2 1 0
github.com/KianIt/swag2api/parser/source/parser.go:49.59,56.16 4 0
github.com/KianIt/swag2api/parser/source/parser.go:56.16,58.3 1 0
github.com/KianIt/swag2api/parser/source/parser.go:60.2,60.40 1 0
github.com/KianIt/swag2api/parser/source/parser.go:60.40,60.90 1 0
github.com/KianIt/swag2api/parser/source/parser.go:63.2,63.29 1 0
github.com/KianIt/swag2api/parser/source/parser.go:63.29,65.3 1 0
github.com/KianIt/swag2api/parser/source/parser.go:67.2,67.42 1 0
github.com/KianIt/swag2api/parser/source/parser.go:67.42,67.86 1 0
github.com/KianIt/swag2api/parser/source/parser.go:69.2,69.12 1 0
github.com/KianIt/swag2api/parser/source/parser.go:73.66,76.86 2 0
github.com/KianIt/swag2api/parser/source/parser.go:76.86,78.53 1 0
github.com/KianIt/swag2api/parser/source/parser.go:78.53,80.4 1 0
github.com/KianIt/swag2api/parser/source/parser.go:83.3,84.22 2 0
github.com/KianIt/swag2api/parser/source/parser.go:84.22,86.4 1 0
github.com/KianIt/swag2api/parser/source/parser.go:89.3,90.21 2 0
github.com/KianIt/swag2api/parser/source/parser.go:90.21,92.4 1 0
github.com/KianIt/swag2api/parser/source/parser.go:95.3,95.59 1 0
github.com/KianIt/swag2api/parser/source/parser.go:95.59,97.4 1 0
github.com/KianIt/swag2api/parser/source/parser.go:99.3,101.13 2 0
github.com/KianIt/swag2api/parser/source/parser.go:102.17,104.3 1 0
github.com/KianIt/swag2api/parser/source/parser.go:106.2,106.19 1 0
github.com/KianIt/swag2api/parser/source/parser.go:112.51,113.17 1 0
github.com/KianIt/swag2api/parser/source/parser.go:113.17,115.3 1 0
github.com/KianIt/swag2api/parser/source/parser.go:117.2,117.29 1 0
github.com/KianIt/swag2api/parser/source/parser.go:118.17,120.34 1 0
github.com/KianIt/swag2api/parser/source/parser.go:120.34,122.4 1 0
github.com/KianIt/swag2api/parser/source/parser.go:124.3,124.11 1 0
github.com/KianIt/swag2api/parser/source/parser.go:125.20,131.11 3 0
github.com/KianIt/swag2api/parser/source/parser.go:132.21,134.47 1 0
github.com/KianIt/swag2api/parser/source/parser.go:134.47,136.4 1 0
github.com/KianIt/swag2api/parser/source/parser.go:138.3,138.13 1 0
github.com/KianIt/swag2api/parser/source/parser.go:141.2,141.12 1 0
github.com/KianIt/swag2api/parser/source/parser.go:145.54,146.42 1 0
github.com/KianIt/swag2api/parser/source/parser.go:146.42,148.3 1 0
github.com/KianIt/swag2api/parser/source/parser.go:150.2,150.34 1 0
github.com/KianIt/swag2api/parser/source/parser.go:150.34,151.49 1 0
github.com/KianIt/swag2api/parser/source/parser.go:151.49,152.42 1 0
github.com/KianIt/swag2api/parser/source/parser.go:152.42,153.41 1 0
github.com/KianIt/swag2api/parser/source/parser.go:153.41,156.6 2 0
github.com/KianIt/swag2api/parser/source/parser.go:163.50,164.45 1 0
github.com/KianIt/swag2api/parser/source/parser.go:164.45,166.3 1 0
github.com/KianIt/swag2api/parser/source/parser.go:168.2,168.34 1 0
github.com/KianIt/swag2api/parser/source/parser.go:168.34,169.51 1 0
github.com/KianIt/swag2api/parser/source/parser.go:169.51,171.18 2 0
github.com/KianIt/swag2api/parser/source/parser.go:171.18,173.13 2 0
github.com/KianIt/swag2api/parser/source/parser.go:176.4,177.30 2 0
github.com/KianIt/swag2api/parser/source/parser.go:177.30,179.5 1 0
github.com/KianIt/swag2api/parser/source/parser.go:181.4,184.6 1 0
github.com/KianIt/swag2api/parser/source/parser.go:190.58,191.17 1 0
github.com/KianIt/swag2api/parser/source/parser.go:191.17,193.3 1 0
github.com/KianIt/swag2api/parser/source/parser.go:195.2,199.16 3 0
github.com/KianIt/swag2api/parser/source/parser.go:199.16,201.3 1 0
github.com/KianIt/swag2api/parser/source/parser.go:204.2,205.16 2 0
github.com/KianIt/swag2api/parser/source/parser.go:205.16,207.3 1 0
github.com/KianIt/swag2api/parser/source/parser.go:209.2,215.12 2 0
github.com/KianIt/swag2api/parser/source/parser.go:219.87,220.22 1 0
github.com/KianIt/swag2api/parser/source/parser.go:220.22,222.3 1 0
github.com/KianIt/swag2api/parser/source/parser.go:224.2,225.39 2 0
github.com/KianIt/swag2api/parser/source/parser.go:225.39,227.17 2 0
github.com/KianIt/swag2api/parser/source/parser.go:227.17,229.4 1 0
github.com/KianIt/swag2api/parser/source/parser.go:231.3,231.42 1 0
github.com/KianIt/swag2api/parser/source/parser.go:234.2,234.20 1 0
github.com/KianIt/swag2api/parser/source/parser.go:238.75,239.18 1 0
github.com/KianIt/swag2api/parser/source/parser.go:239.18,241.3 1 0
github.com/KianIt/swag2api/parser/source/parser.go:243.2,244.16 2 0
github.com/KianIt/swag2api/parser/source/parser.go:244.16,246.3 1 0
github.com/KianIt/swag2api/parser/source/parser.go:249.2,249.27 1 0
github.com/KianIt/swag2api/parser/source/parser.go:249.27,251.3 1 0
github.com/KianIt/swag2api/parser/source/parser.go:254.2,255.35 2 0
github.com/KianIt/swag2api/parser/source/parser.go:255.35,257.3 1 0
github.com/KianIt/swag2api/parser/source/parser.go:259.2,259.20 1 0
github.com/KianIt/swag2api/parser/source/parser.go:263.89,264.22 1 0
github.com/KianIt/swag2api/parser/source/parser.go:264.22,266.3 1 0
github.com/KianIt/swag2api/parser/source/parser.go:268.2,270.39 3 0
github.com/KianIt/swag2api/parser/source/parser.go:270.39,272.17 2 0
github.com/KianIt/swag2api/parser/source/parser.go:272.17,274.4 1 0
github.com/KianIt/swag2api/parser/source/parser.go:276.3,277.27 2 0
github.com/KianIt/swag2api/parser/source/parser.go:280.2,280.21 1 0
github.com/KianIt/swag2api/parser/source/parser.go:286.86,287.18 1 0
github.com/KianIt/swag2api/parser/source/parser.go:287.18,289.3 1 0
github.com/KianIt/swag2api/parser/source/parser.go:291.2,292.16 2 0
github.com/KianIt/swag2api/parser/source/parser.go:292.16,294.3 1 0
github.com/KianIt/swag2api/parser/source/parser.go:297.2,297.27 1 0
github.com/KianIt/swag2api/parser/source/parser.go:297.27,299.3 1 0
github.com/KianIt/swag2api/parser/source/parser.go:302.2,303.35 2 0
github.com/KianIt/swag2api/parser/source/parser.go:303.35,305.3 1 0
github.com/KianIt/swag2api/parser/source/parser.go:307.2,307.21 1 0
github.com/KianIt/swag2api/parser/source/parser.go:311.78,314.71 2 0
github.com/KianIt/swag2api/parser/source/parser.go:314.71,316.3 1 0
github.com/KianIt/swag2api/parser/source/parser.go:318.2,321.16 3 0
github.com/KianIt/swag2api/parser/source/parser.go:321.16,323.3 1 0
github.com/KianIt/swag2api/parser/source/parser.go:325.2,325.33 1 0
github.com/KianIt/swag2api/parser/source/parser.go:329.77,333.18 2 0
github.com/KianIt/swag2api/parser/source/parser.go:334.111,335.28 1 0
github.com/KianIt/swag2api/parser/source/parser.go:336.28,337.30 1 0
github.com/KianIt/swag2api/parser/source/parser.go:338.14,339.29 1 0
github.com/KianIt/swag2api/parser/source/parser.go:340.16,341.31 1 0
github.com/KianIt/swag2api/parser/source/parser.go:342.15,343.30 1 0
github.com/KianIt/swag2api/parser/source/parser.go:344.28,345.28 1 0
github.com/KianIt/swag2api/parser/source/parser.go:348.2,348.21 1 0
github.com/KianIt/swag2api/parser/source/parser.go:348.21,350.3 1 0
github.com/KianIt/swag2api/parser/source/parser.go:353.2,353.39 1 0
github.com/KianIt/swag2api/parser/source/parser.go:353.39,356.17 2 0
github.com/KianIt/swag2api/parser/source/parser.go:356.17,358.4 1 0
github.com/KianIt/swag2api/parser/source/parser.go:361.3,361.32 1 0
github.com/KianIt/swag2api/parser/source/parser.go:365.2,365.41 1 0
github.com/KianIt/swag2api/parser/source/parser.go:365.41,368.13 2 0
github.com/KianIt/swag2api/parser/source/parser.go:368.13,370.4 1 0
github.com/KianIt/swag2api/parser/source/parser.go:373.3,374.17 2 0
github.com/KianIt/swag2api/parser/source/parser.go:374.17,376.4 1 0
github.com/KianIt/swag2api/parser/source/parser.go:379.3,379.30 1 0
github.com/KianIt/swag2api/parser/source/parser.go:383.2,384.38 2 0
github.com/KianIt/swag2api/parser/source/parser.go:384.38,386.3 1 0
github.com/KianIt/swag2api/parser/source/parser.go:389.2,389.34 1 0
github.com/KianIt/swag2api/statuses/error-wrappers.go:80.47,82.2 1 0
github.com/KianIt/swag2api/statuses/error-wrappers.go:85.51,87.2 1 0
github.com/KianIt/swag2api/statuses/error-wrappers.go:90.51,91.19 1 0
github.com/KianIt/swag2api/statuses/error-wrappers.go:91.19,93.3 1 0
github.com/KianIt/swag2api/statuses/error-wrappers.go:94.2,94.11 1 0
github.com/KianIt/swag2api/statuses/error-wrappers.go:98.67,103.2 1 0
github.com/KianIt/swag2api/statuses/error-wrappers.go:111.84,111.125 1 0
github.com/KianIt/swag2api/statuses/error-wrappers.go:112.84,112.135 1 0
github.com/KianIt/swag2api/statuses/error-wrappers.go:113.84,113.127 1 0
github.com/KianIt/swag2api/statuses/error-wrappers.go:114.84,114.127 1 0
github.com/KianIt/swag2api/statuses/error-wrappers.go:115.84,115.119 1 0
github.com/KianIt/swag2api/statuses/error-wrappers.go:116.84,116.124 1 0
github.com/KianIt/swag2api/statuses/error-wrappers.go:117.84,117.125 1 0
github.com/KianIt/swag2api/statuses/error-wrappers.go:118.84,118.137 1 0
github.com/KianIt/swag2api/statuses/error-wrappers.go:119.84,119.126 1 0
github.com/KianIt/swag2api/statuses/error-wrappers.go:120.84,120.129 1 0
github.com/KianIt/swag2api/statuses/error-wrappers.go:121.84,121.131 1 0
github.com/KianIt/swag2api/statuses/error-wrappers.go:122.84,122.128 1 0
github.com/KianIt/swag2api/statuses/error-wrappers.go:123.84,123.132 1 0
github.com/KianIt/swag2api/statuses/error-wrappers.go:124.84,124.123 1 0
github.com/KianIt/swag2api/statuses/error-wrappers.go:125.84,125.132 1 0
github.com/KianIt/swag2api/statuses/error-wrappers.go:126.84,126.133 1 0
github.com/KianIt/swag2api/statuses/error-wrappers.go:127.84,127.122 1 0
github.com/KianIt/swag2api/statuses/error-wrappers.go:128.84,128.125 1 0
github.com/KianIt/swag2api/statuses/error-wrappers.go:129.84,129.128 1 0
github.com/KianIt/swag2api/statuses/error-wrappers.go:130.84,130.125 1 0
github.com/KianIt/swag2api/statuses/error-wrappers.go:131.84,131.134 1 0
github.com/KianIt/swag2api/statuses/error-wrappers.go:132.84,132.134 1 0
github.com/KianIt/swag2api/statuses/error-wrappers.go:133.84,133.132 1 0
github.com/KianIt/swag2api/statuses/error-wrappers.go:134.84,134.134 1 0
github.com/KianIt/swag2api/statuses/error-wrappers.go:135.84,135.137 1 0
github.com/KianIt/swag2api/statuses/error-wrappers.go:136.84,136.131 1 0
github.com/KianIt/swag2api/statuses/error-wrappers.go:137.84,137.130 1 0
github.com/KianIt/swag2api/statuses/error-wrappers.go:138.84,138.138 1 0
github.com/KianIt/swag2api/statuses/error-wrappers.go:139.84,139.135 1 0
github.com/KianIt/swag2api/statuses/error-wrappers.go:140.84,140.139 1 0
github.com/KianIt/swag2api/statuses/error-wrappers.go:141.84,141.136 1 0
github.com/KianIt/swag2api/statuses/error-wrappers.go:142.84,142.130 1 0
github.com/KianIt/swag2api/statuses/error-wrappers.go:143.84,143.126 1 0
github.com/KianIt/swag2api/statuses/error-wrappers.go:144.84,144.136 1 0
github.com/KianIt/swag2api/statuses/error-wrappers.go:145.84,145.140 1 0
github.com/KianIt/swag2api/statuses/error-wrappers.go:146.84,146.143 1 0
github.com/KianIt/swag2api/statuses/error-wrappers.go:147.84,147.139 1 0
github.com/KianIt/swag2api/statuses/error-wrappers.go:148.84,148.142 1 0
github.com/KianIt/swag2api/statuses/error-wrappers.go:149.84,149.150 1 0
github.com/KianIt/swag2api/statuses/error-wrappers.go:150.84,150.139 1 0
github.com/KianIt/swag2api/statuses/error-wrappers.go:151.84,151.128 1 0
github.com/KianIt/swag2api/statuses/error-wrappers.go:152.84,152.140 1 0
github.com/KianIt/swag2api/statuses/error-wrappers.go:153.84,153.141 1 0
github.com/KianIt/swag2api/statuses/error-wrappers.go:154.84,154.128 1 0
github.com/KianIt/swag2api/statuses/error-wrappers.go:155.84,155.138 1 0
github.com/KianIt/swag2api/statuses/error-wrappers.go:156.84,156.130 1 0
github.com/KianIt/swag2api/statuses/error-wrappers.go:157.84,157.137 1 0
github.com/KianIt/swag2api/statuses/error-wrappers.go:158.84,158.142 1 0
github.com/KianIt/swag2api/statuses/error-wrappers.go:159.84,159.137 1 0
github.com/KianIt/swag2api/statuses/error-wrappers.go:160.84,160.149 1 0
github.com/KianIt/swag2api/statuses/error-wrappers.go:161.84,161.148 1 0
github.com/KianIt/swag2api/statuses/error-wrappers.go:162.84,162.141 1 0
github.com/KianIt/swag2api/statuses/error-wrappers.go:163.84,163.136 1 0
github.com/KianIt/swag2api/statuses/error-wrappers.go:164.84,164.132 1 0
github.com/KianIt/swag2api/statuses/error-wrappers.go:165.84,165.140 1 0
github.com/KianIt/swag2api/statuses/error-wrappers.go:166.84,166.136 1 0
github.com/KianIt/swag2api/statuses/error-wrappers.go:167.84,167.145 1 0
github.com/KianIt/swag2api/statuses/error-wrappers.go:168.84,168.143 1 0
github.com/KianIt/swag2api/statuses/error-wrappers.go:169.84,169.141 1 0
github.com/KianIt/swag2api/statuses/error-wrappers.go:170.84,170.134 1 0
github.com/KianIt/swag2api/statuses/error-wrappers.go:171.84,171.133 1 0
github.com/KianIt/swag2api/statuses/error-wrappers.go:172.84,172.151 1 0
github.com/KianIt/swag2api/utils/files.go:9.35,11.2 1 1
github.com/KianIt/swag2api/validator/validator.go:16.40,18.16 2 0
github.com/KianIt/swag2api/validator/validator.go:18.16,19.37 1 0
github.com/KianIt/swag2api/validator/validator.go:19.37,21.4 1 0
github.com/KianIt/swag2api/validator/validator.go:22.3,22.42 1 0
github.com/KianIt/swag2api/validator/validator.go:25.2,25.19 1 0
github.com/KianIt/swag2api/validator/validator.go:25.19,27.3 1 0
github.com/KianIt/swag2api/validator/validator.go:29.2,29.12 1 0
github.com/KianIt/swag2api/validator/validator.go:33.46,35.16 2 0
github.com/KianIt/swag2api/validator/validator.go:35.16,36.37 1 0
github.com/KianIt/swag2api/validator/validator.go:36.37,38.4 1 0
github.com/KianIt/swag2api/validator/validator.go:39.3,39.42 1 0
github.com/KianIt/swag2api/validator/validator.go:42.2,42.18 1 0
github.com/KianIt/swag2api/validator/validator.go:42.18,44.3 1 0
github.com/KianIt/swag2api/validator/validator.go:46.2,46.12 1 0
github.com/KianIt/swag2api/validator/validator.go:51.44,53.16 2 0
github.com/KianIt/swag2api/validator/validator.go:53.16,54.37 1 0
github.com/KianIt/swag2api/validator/validator.go:54.37,56.4 1 0
github.com/KianIt/swag2api/validator/validator.go:57.3,57.42 1 0
github.com/KianIt/swag2api/validator/validator.go:60.2,60.18 1 0
github.com/KianIt/swag2api/validator/validator.go:60.18,62.3 1 0
github.com/KianIt/swag2api/validator/validator.go:64.2,64.42 1 0
github.com/KianIt/swag2api/validator/validator.go:64.42,66.3 1 0
github.com/KianIt/swag2api/validator/validator.go:68.2,68.12 1 0
github.com/KianIt/swag2api/generate.go:40.69,43.55 2 0
github.com/KianIt/swag2api/generate.go:43.55,45.3 1 0
github.com/KianIt/swag2api/generate.go:47.2,48.61 2 0
github.com/KianIt/swag2api/generate.go:48.61,50.3 1 0
github.com/KianIt/swag2api/generate.go:52.2,53.59 2 0
github.com/KianIt/swag2api/generate.go:53.59,55.3 1 0
github.com/KianIt/swag2api/generate.go:57.2,58.64 2 0
github.com/KianIt/swag2api/generate.go:58.64,60.3 1 0
github.com/KianIt/swag2api/generate.go:62.2,62.71 1 0
github.com/KianIt/swag2api/generate.go:62.71,64.3 1 0
github.com/KianIt/swag2api/generate.go:66.2,68.12 2 0
github.com/KianIt/swag2api/builder/builder.go:37.64,43.2 1 0
github.com/KianIt/swag2api/builder/builder.go:48.47,51.36 2 0
github.com/KianIt/swag2api/builder/builder.go:51.36,53.3 1 0
github.com/KianIt/swag2api/builder/builder.go:55.2,57.46 2 0
github.com/KianIt/swag2api/builder/builder.go:57.46,59.3 1 0
github.com/KianIt/swag2api/builder/builder.go:61.2,63.12 2 0
github.com/KianIt/swag2api/builder/builder.go:67.52,69.16 2 0
github.com/KianIt/swag2api/builder/builder.go:69.16,71.3 1 0
github.com/KianIt/swag2api/builder/builder.go:73.2,74.16 2 0
github.com/KianIt/swag2api/builder/builder.go:74.16,76.3 1 0
github.com/KianIt/swag2api/builder/builder.go:78.2,78.77 1 0
github.com/KianIt/swag2api/builder/builder.go:78.77,80.3 1 0
github.com/KianIt/swag2api/builder/builder.go:82.2,82.12 1 0
github.com/KianIt/swag2api/builder/builder.go:86.45,91.71 3 0
github.com/KianIt/swag2api/builder/builder.go:91.71,93.3 1 0
github.com/KianIt/swag2api/builder/builder.go:95.2,96.16 2 0
github.com/KianIt/swag2api/builder/builder.go:96.16,98.3 1 0
github.com/KianIt/swag2api/builder/builder.go:100.2,100.21 1 0
github.com/KianIt/swag2api/builder/builder.go:104.30,110.2 5 0
github.com/KianIt/swag2api/builder/builder.go:115.32,121.34 5 0
github.com/KianIt/swag2api/builder/builder.go:121.34,123.3 1 0
github.com/KianIt/swag2api/builder/builder.go:127.42,129.2 1 0
github.com/KianIt/swag2api/builder/builder.go:132.56,134.2 1 0
github.com/KianIt/swag2api/builder/builder.go:139.36,140.28 1 0
github.com/KianIt/swag2api/builder/builder.go:140.28,142.3 1 0
github.com/KianIt/swag2api/builder/builder.go:144.2,144.83 1 0
github.com/KianIt/swag2api/builder/builder.go:150.34,152.16 2 0
github.com/KianIt/swag2api/builder/builder.go:152.16,155.3 2 0
github.com/KianIt/swag2api/builder/builder.go:157.2,157.29 1 0
github.com/KianIt/swag2api/builder/builder.go:157.29,159.3 1 0
github.com/KianIt/swag2api/builder/builder.go:166.29,176.30 3 0
github.com/KianIt/swag2api/builder/builder.go:176.30,188.3 1 0
github.com/KianIt/swag2api/builder/builder.go:190.2,203.3 2 0
github.com/KianIt/swag2api/builder/builder.go:207.37,208.30 1 0
github.com/KianIt/swag2api/builder/builder.go:208.30,210.3 1 0
github.com/KianIt/swag2api/builder/builder.go:218.56,244.2 6 0
github.com/KianIt/swag2api/builder/builder.go:247.109,250.33 2 0
github.com/KianIt/swag2api/builder/builder.go:250.33,251.23 1 0
github.com/KianIt/swag2api/builder/builder.go:252.40,258.38 2 0
github.com/KianIt/swag2api/builder/builder.go:258.38,263.5 1 0
github.com/KianIt/swag2api/builder/builder.go:263.10,268.5 1 0
github.com/KianIt/swag2api/builder/builder.go:270.4,284.5 4 0
github.com/KianIt/swag2api/builder/builder.go:285.23,286.42 1 0
github.com/KianIt/swag2api/builder/builder.go:290.2,290.26 1 0
github.com/KianIt/swag2api/builder/builder.go:290.26,292.3 1 0
github.com/KianIt/swag2api/builder/builder.go:294.2,299.33 3 0
github.com/KianIt/swag2api/builder/builder.go:303.100,312.21 3 0
github.com/KianIt/swag2api/builder/builder.go:312.21,315.32 2 0
github.com/KianIt/swag2api/builder/builder.go:315.32,323.4 1 0
github.com/KianIt/swag2api/builder/builder.go:325.3,335.18 4 0
github.com/KianIt/swag2api/builder/builder.go:336.8,341.3 3 0
github.com/KianIt/swag2api/builder/builder.go:343.2,352.29 4 0
github.com/KianIt/swag2api/builder/builder.go:356.117,358.13 2 0
github.com/KianIt/swag2api/builder/builder.go:358.13,360.3 1 0
github.com/KianIt/swag2api/builder/builder.go:360.8,362.3 1 0
github.com/KianIt/swag2api/builder/builder.go:363.2,378.12 3 0
github.com/KianIt/swag2api/builder/builder.go:382.94,384.35 2 0
github.com/KianIt/swag2api/builder/builder.go:384.35,386.3 1 0
github.com/KianIt/swag2api/builder/builder.go:388.2,389.33 2 0
github.com/KianIt/swag2api/builder/builder.go:389.33,391.53 2 0
github.com/KianIt/swag2api/builder/builder.go:391.53,393.4 1 0
github.com/KianIt/swag2api/builder/builder.go:393.9,395.4 1 0
github.com/KianIt/swag2api/builder/builder.go:396.3,396.45 1 0
github.com/KianIt/swag2api/builder/builder.go:399.2,408.14 2 0
github.com/KianIt/swag2api/builder/builder.go:412.73,418.35 5 0
github.com/KianIt/swag2api/builder/builder.go:418.35,419.25 1 0
github.com/KianIt/swag2api/builder/builder.go:419.25,420.12 1 0
github.com/KianIt/swag2api/builder/builder.go:423.3,423.23 1 0
github.com/KianIt/swag2api/builder/builder.go:423.23,426.12 3 0
github.com/KianIt/swag2api/builder/builder.go:429.3,444.4 2 0
github.com/KianIt/swag2api/builder/builder.go:447.2,464.21 2 0
github.com/KianIt/swag2api/builder/builder.go:464.21,469.3 1 0
github.com/KianIt/swag2api/builder/builder.go:469.8,474.3 1 0
github.com/KianIt/swag2api/builder/builder.go:476.2,476.14 1 0
github.com/KianIt/swag2api/builder/builder.go:480.56,495.2 2 0
github.com/KianIt/swag2api/builder/builder.go:498.52,509.2 1 0
github.com/KianIt/swag2api/builder/ast/file-compiler/file-compiler.go:21.52,29.2 1 0
github.com/KianIt/swag2api/builder/ast/file-compiler/file-compiler.go:32.62,38.2 2 0
github.com/KianIt/swag2api/builder/ast/file-compiler/file-compiler.go:41.51,43.2 1 0
github.com/KianIt/swag2api/builder/ast/file-compiler/file-compiler.go:46.45,47.25 1 0
github.com/KianIt/swag2api/builder/ast/file-compiler/file-compiler.go:47.25,49.3 1 0
github.com/KianIt/swag2api/builder/ast/file-compiler/file-compiler.go:51.2,51.32 1 0
github.com/KianIt/swag2api/builder/ast/file-compiler/file-compiler.go:51.32,53.3 1 0
github.com/KianIt/swag2api/builder/ast/file-compiler/file-compiler.go:55.2,55.16 1 0
github.com/KianIt/swag2api/builder/ast/file-compiler/file-compiler.go:59.42,61.25 2 0
github.com/KianIt/swag2api/builder/ast/file-compiler/file-compiler.go:61.25,64.3 2 0
github.com/KianIt/swag2api/builder/ast/file-compiler/file-compiler.go:66.2,73.22 2 0
github.com/KianIt/swag2api/builder/ast/file-compiler/file-compiler.go:77.55,79.2 1 0
github.com/KianIt/swag2api/builder/ast/models/getters.go:9.49,15.2 1 1
github.com/KianIt/swag2api/builder/ast/models/getters.go:18.47,23.2 1 1
github.com/KianIt/swag2api/builder/ast/models/getters.go:26.40,32.2 1 1
github.com/KianIt/swag2api/builder/ast/models/getters.go:35.50,40.2 1 1
github.com/KianIt/swag2api/builder/ast/models/getters.go:43.53,48.2 1 1
github.com/KianIt/swag2api/builder/ast/models/getters.go:51.57,56.2 1 1
github.com/KianIt/swag2api/builder/ast/models/getters.go:59.44,64.2 1 1
github.com/KianIt/swag2api/builder/ast/models/getters.go:67.36,69.2 1 1
github.com/KianIt/swag2api/builder/ast/models/getters.go:72.44,74.2 1 1
github.com/KianIt/swag2api/builder/ast/models/getters.go:77.50,79.2 1 1
github.com/KianIt/swag2api/builder/ast/models/getters.go:82.61,88.2 1 1
github.com/KianIt/swag2api/builder/ast/models/getters.go:91.53,107.2 1 1
github.com/KianIt/swag2api/builder/ast/models/getters.go:110.49,117.2 1 1
github.com/KianIt/swag2api/builder/ast/models/getters.go:120.34,124.2 1 1
github.com/KianIt/swag2api/builder/ast/models/getters.go:127.45,137.2 1 1
github.com/KianIt/swag2api/builder/ast/models/getters.go:140.68,153.2 1 1
github.com/KianIt/swag2api/builder/ast/models/types.go:19.37,20.18 1 1
github.com/KianIt/swag2api/builder/ast/models/types.go:20.18,22.3 1 0
github.com/KianIt/swag2api/builder/ast/models/types.go:24.2,25.23 2 1
github.com/KianIt/swag2api/builder/ast/models/types.go:25.23,27.3 1 1
github.com/KianIt/swag2api/builder/ast/models/types.go:29.2,29.14 1 1
github.com/KianIt/swag2api/builder/ast/models/types.go:33.34,34.18 1 1
github.com/KianIt/swag2api/builder/ast/models/types.go:34.18,36.3 1 0
github.com/KianIt/swag2api/builder/ast/models/types.go:38.2,39.23 2 1
github.com/KianIt/swag2api/builder/ast/models/types.go:39.23,41.3 1 1
github.com/KianIt/swag2api/builder/ast/models/types.go:43.2,43.14 1 1
github.com/KianIt/swag2api/builder/ast/models/types.go:47.34,48.18 1 1
github.com/KianIt/swag2api/builder/ast/models/types.go:48.18,50.3 1 0
github.com/KianIt/swag2api/builder/ast/models/types.go:52.2,53.23 2 1
github.com/KianIt/swag2api/builder/ast/models/types.go:53.23,55.3 1 1
github.com/KianIt/swag2api/builder/ast/models/types.go:57.2,57.14 1 1
github.com/KianIt/swag2api/builder/ast/template/manager.go:30.28,35.2 1 0
github.com/KianIt/swag2api/builder/ast/template/manager.go:41.32,45.16 3 0
github.com/KianIt/swag2api/builder/ast/template/manager.go:45.16,47.3 1 0
github.com/KianIt/swag2api/builder/ast/template/manager.go:49.2,52.16 3 0
github.com/KianIt/swag2api/builder/ast/template/manager.go:52.16,54.3 1 0
github.com/KianIt/swag2api/builder/ast/template/manager.go:56.2,56.29 1 0
github.com/KianIt/swag2api/builder/ast/template/manager.go:56.29,58.3 1 0
github.com/KianIt/swag2api/builder/ast/template/manager.go:60.2,62.12 2 0
github.com/KianIt/swag2api/builder/ast/template/manager.go:66.67,69.86 2 0
github.com/KianIt/swag2api/builder/ast/template/manager.go:69.86,70.53 1 0
github.com/KianIt/swag2api/builder/ast/template/manager.go:70.53,72.4 1 0
github.com/KianIt/swag2api/builder/ast/template/manager.go:74.3,75.22 2 0
github.com/KianIt/swag2api/builder/ast/template/manager.go:75.22,77.4 1 0
github.com/KianIt/swag2api/builder/ast/template/manager.go:79.3,81.13 2 0
github.com/KianIt/swag2api/builder/ast/template/manager.go:82.17,84.3 1 0
github.com/KianIt/swag2api/builder/ast/template/manager.go:86.2,86.19 1 0
github.com/KianIt/swag2api/builder/ast/template/manager.go:92.52,93.17 1 0
github.com/KianIt/swag2api/builder/ast/template/manager.go:93.17,95.3 1 0
github.com/KianIt/swag2api/builder/ast/template/manager.go:97.2,97.29 1 0
github.com/KianIt/swag2api/builder/ast/template/manager.go:98.17,99.11 1 0
github.com/KianIt/swag2api/builder/ast/template/manager.go:100.20,102.35 1 0
github.com/KianIt/swag2api/builder/ast/template/manager.go:102.35,103.97 1 0
github.com/KianIt/swag2api/builder/ast/template/manager.go:103.97,105.5 1 0
github.com/KianIt/swag2api/builder/ast/template/manager.go:108.3,108.11 1 0
github.com/KianIt/swag2api/builder/ast/template/manager.go:109.21,111.48 1 0
github.com/KianIt/swag2api/builder/ast/template/manager.go:111.48,113.4 1 0
github.com/KianIt/swag2api/builder/ast/template/manager.go:115.3,115.11 1 0
github.com/KianIt/swag2api/builder/ast/template/manager.go:118.2,118.12 1 0
github.com/KianIt/swag2api/builder/ast/template/manager.go:122.60,123.22 1 0
github.com/KianIt/swag2api/builder/ast/template/manager.go:123.22,125.3 1 0
github.com/KianIt/swag2api/builder/ast/template/manager.go:127.2,128.44 2 0
github.com/KianIt/swag2api/builder/ast/template/manager.go:128.44,129.42 1 0
github.com/KianIt/swag2api/builder/ast/template/manager.go:129.42,131.4 1 0
github.com/KianIt/swag2api/builder/ast/template/manager.go:134.2,134.19 1 0
github.com/KianIt/swag2api/builder/ast/template/manager.go:138.44,140.9 2 0
github.com/KianIt/swag2api/builder/ast/template/manager.go:140.9,142.3 1 0
github.com/KianIt/swag2api/builder/ast/template/manager.go:144.2,144.74 1 0
github.com/KianIt/swag2api/builder/ast/template/models/templates.go:27.43,29.2 1 0
github.com/KianIt/swag2api/builder/ast/template/templates/handle-bad-request.go:7.58,13.16 2 0
github.com/KianIt/swag2api/builder/ast/template/templates/handle-bad-request.go:13.16,15.3 1 0
github.com/KianIt/swag2api/builder/ast/template/templates/handle-bad-request.go:17.2,21.35 2 0
github.com/KianIt/swag2api/builder/ast/template/templates/handle-result.go:7.68,8.16 1 0
github.com/KianIt/swag2api/builder/ast/template/templates/handle-result.go:8.16,11.3 2 0
github.com/KianIt/swag2api/builder/ast/template/templates/handle-result.go:13.2,16.9 1 0
github.com/KianIt/swag2api/builder/ast/template/templates/handle-result.go:16.9,17.33 1 0
github.com/KianIt/swag2api/builder/ast/template/templates/handle-result.go:17.33,19.4 1 0
github.com/KianIt/swag2api/builder/ast/template/templates/handle-result.go:19.9,19.29 1 0
github.com/KianIt/swag2api/builder/ast/template/templates/handle-result.go:19.29,21.4 1 0
github.com/KianIt/swag2api/builder/ast/template/templates/handle-result.go:21.9,23.4 1 0
github.com/KianIt/swag2api/builder/ast/template/templates/handle-result.go:24.3,24.9 1 0
github.com/KianIt/swag2api/builder/ast/template/templates/handle-result.go:27.2,27.87 1 0
github.com/KianIt/swag2api/builder/ast/template/templates/unmarshal-data.go:8.63,10.2 1 0
github.com/KianIt/swag2api/builder/ast/template/templates/unmarshal-data.go:12.62,13.51 1 0
github.com/KianIt/swag2api/builder/ast/template/templates/unmarshal-data.go:13.51,15.3 1 0
github.com/KianIt/swag2api/builder/ast/template/templates/unmarshal-data.go:17.2,17.17 1 0
github.com/KianIt/swag2api/builder/ast/template/templates/write-response.go:8.68,12.2 3 0
github.com/KianIt/swag2api/builder/models/token.go:42.36,44.2 1 0
github.com/KianIt/swag2api/builder/models/token.go:47.32,49.2 1 0
github.com/KianIt/swag2api/cmd/swag2api/main.go:24.18,30.2 5 0
github.com/KianIt/swag2api/cmd/swag2api/main.go:32.13,35.87 2 0
github.com/KianIt/swag2api/cmd/swag2api/main.go:35.87,37.3 1 0
github.com/KianIt/swag2api/example/generated.go:17.63,19.2 1 0
github.com/KianIt/swag2api/example/generated.go:20.62,21.51 1 0
github.com/KianIt/swag2api/example/generated.go:21.51,23.3 1 0
github.com/KianIt/swag2api/example/generated.go:24.2,24.17 1 0
github.com/KianIt/swag2api/example/generated.go:26.58,31.16 2 0
github.com/KianIt/swag2api/example/generated.go:31.16,33.3 1 0
github.com/KianIt/swag2api/example/generated.go:34.2,35.35 2 0
github.com/KianIt/swag2api/example/generated.go:37.68,38.16 1 0
github.com/KianIt/swag2api/example/generated.go:38.16,41.3 2 0
github.com/KianIt/swag2api/example/generated.go:42.2,45.9 1 0
github.com/KianIt/swag2api/example/generated.go:45.9,46.33 1 0
github.com/KianIt/swag2api/example/generated.go:46.33,48.4 1 0
github.com/KianIt/swag2api/example/generated.go:48.9,48.29 1 0
github.com/KianIt/swag2api/example/generated.go:48.29,50.4 1 0
github.com/KianIt/swag2api/example/generated.go:50.9,52.4 1 0
github.com/KianIt/swag2api/example/generated.go:53.3,53.9 1 0
github.com/KianIt/swag2api/example/generated.go:55.2,55.87 1 0
github.com/KianIt/swag2api/example/generated.go:57.68,61.2 3 0
github.com/KianIt/swag2api/example/generated.go:62.63,65.35 3 0
github.com/KianIt/swag2api/example/generated.go:65.35,68.3 2 0
github.com/KianIt/swag2api/example/generated.go:69.2,71.32 3 0
github.com/KianIt/swag2api/example/generated.go:71.32,74.3 2 0
github.com/KianIt/swag2api/example/generated.go:75.2,77.36 3 0
github.com/KianIt/swag2api/example/generated.go:77.36,80.3 2 0
github.com/KianIt/swag2api/example/generated.go:81.2,83.33 3 0
github.com/KianIt/swag2api/example/generated.go:83.33,86.3 2 0
github.com/KianIt/swag2api/example/generated.go:87.2,89.34 3 0
github.com/KianIt/swag2api/example/generated.go:89.34,92.3 2 0
github.com/KianIt/swag2api/example/generated.go:93.2,98.37 4 0
github.com/KianIt/swag2api/example/generated.go:100.64,107.2 4 0
github.com/KianIt/swag2api/example/generated.go:108.63,111.36 3 0
github.com/KianIt/swag2api/example/generated.go:111.36,114.3 2 0
github.com/KianIt/swag2api/example/generated.go:115.2,117.33 3 0
github.com/KianIt/swag2api/example/generated.go:117.33,120.3 2 0
github.com/KianIt/swag2api/example/generated.go:121.2,123.37 3 0
github.com/KianIt/swag2api/example/generated.go:123.37,126.3 2 0
github.com/KianIt/swag2api/example/generated.go:127.2,129.34 3 0
github.com/KianIt/swag2api/example/generated.go:129.34,132.3 2 0
github.com/KianIt/swag2api/example/generated.go:133.2,135.35 3 0
github.com/KianIt/swag2api/example/generated.go:135.35,138.3 2 0
github.com/KianIt/swag2api/example/generated.go:139.2,143.37 4 0
github.com/KianIt/swag2api/example/generated.go:145.63,147.25 2 0
github.com/KianIt/swag2api/example/generated.go:147.25,150.3 2 0
github.com/KianIt/swag2api/example/generated.go:151.2,159.35 3 0
github.com/KianIt/swag2api/example/generated.go:159.35,162.3 2 0
github.com/KianIt/swag2api/example/generated.go:163.2,168.37 4 0
github.com/KianIt/swag2api/example/generated.go:170.63,173.35 3 0
github.com/KianIt/swag2api/example/generated.go:173.35,176.3 2 0
github.com/KianIt/swag2api/example/generated.go:177.2,179.36 3 0
github.com/KianIt/swag2api/example/generated.go:179.36,182.3 2 0
github.com/KianIt/swag2api/example/generated.go:183.2,184.25 2 0
github.com/KianIt/swag2api/example/generated.go:184.25,187.3 2 0
github.com/KianIt/swag2api/example/generated.go:188.2,189.35 2 0
github.com/KianIt/swag2api/example/generated.go:189.35,192.3 2 0
github.com/KianIt/swag2api/example/generated.go:193.2,198.38 4 0
github.com/KianIt/swag2api/example/generated.go:200.63,202.25 2 0
github.com/KianIt/swag2api/example/generated.go:202.25,205.3 2 0
github.com/KianIt/swag2api/example/generated.go:206.2,207.32 2 0
github.com/KianIt/swag2api/example/generated.go:207.32,210.3 2 0
github.com/KianIt/swag2api/example/generated.go:211.2,216.39 4 0
github.com/KianIt/swag2api/example/generated.go:218.63,221.31 3 0
github.com/KianIt/swag2api/example/generated.go:221.31,224.3 2 0
github.com/KianIt/swag2api/example/generated.go:225.2,227.31 3 0
github.com/KianIt/swag2api/example/generated.go:227.31,230.3 2 0
github.com/KianIt/swag2api/example/generated.go:231.2,233.31 3 0
github.com/KianIt/swag2api/example/generated.go:233.31,236.3 2 0
github.com/KianIt/swag2api/example/generated.go:237.2,239.31 3 0
github.com/KianIt/swag2api/example/generated.go:239.31,242.3 2 0
github.com/KianIt/swag2api/example/generated.go:243.2,245.31 3 0
github.com/KianIt/swag2api/example/generated.go:245.31,248.3 2 0
github.com/KianIt/swag2api/example/generated.go:249.2,254.37 4 0
github.com/KianIt/swag2api/example/generated.go:256.63,258.25 2 0
github.com/KianIt/swag2api/example/generated.go:258.25,261.3 2 0
github.com/KianIt/swag2api/example/generated.go:262.2,268.35 3 0
github.com/KianIt/swag2api/example/generated.go:268.35,271.3 2 0
github.com/KianIt/swag2api/example/generated.go:272.2,277.37 4 0
github.com/KianIt/swag2api/example/generated.go:279.63,286.2 4 0
github.com/KianIt/swag2api/example/generated.go:287.63,294.2 4 0
github.com/KianIt/swag2api/example/generated.go:295.13,308.2 12 0
github.com/KianIt/swag2api/example/main.go:27.93,31.2 3 0
github.com/KianIt/swag2api/example/main.go:33.13,36.81 2 0
github.com/KianIt/swag2api/example/main.go:36.81,38.3 1 0
github.com/KianIt/swag2api/example/main.go:41.45,48.2 1 0
github.com/KianIt/swag2api/example/main.go:50.56,51.71 1 0
github.com/KianIt/swag2api/example/main.go:51.71,56.49 2 0
github.com/KianIt/swag2api/example/main.go:56.49,59.4 2 0
github.com/KianIt/swag2api/example/main.go:60.3,64.23 3 0
github.com/KianIt/swag2api/example/main.go:68.95,71.12 2 0
github.com/KianIt/swag2api/example/main.go:71.12,73.90 2 0
github.com/KianIt/swag2api/example/main.go:73.90,75.4 1 0
github.com/KianIt/swag2api/example/main.go:76.3,76.17 1 0
github.com/KianIt/swag2api/example/main.go:79.2,82.9 3 0
github.com/KianIt/swag2api/example/main.go:83.24,84.48 1 0
github.com/KianIt/swag2api/example/main.go:85.14,86.49 1 0
github.com/KianIt/swag2api/example/main.go:87.20,88.56 1 0
github.com/KianIt/swag2api/example/main.go:91.2,94.53 3 0
github.com/KianIt/swag2api/example/main.go:94.53,95.50 1 0
github.com/KianIt/swag2api/example/main.go:95.50,97.4 1 0
github.com/KianIt/swag2api/example/main.go:98.3,98.47 1 0
github.com/KianIt/swag2api/example/main.go:101.2,103.12 2 0
github.com/KianIt/swag2api/example/methods.go:27.127,29.2 1 0
github.com/KianIt/swag2api/example/methods.go:39.127,41.2 1 0
github.com/KianIt/swag2api/example/methods.go:51.125,53.2 1 0
github.com/KianIt/swag2api/example/methods.go:61.74,63.2 1 0
github.com/KianIt/swag2api/example/methods.go:69.80,71.2 1 0
github.com/KianIt/swag2api/example/methods.go:77.107,79.2 1 0
github.com/KianIt/swag2api/example/methods.go:87.150,89.2 1 0
github.com/KianIt/swag2api/example/methods.go:94.43,96.2 1 0
github.com/KianIt/swag2api/example/methods.go:101.43,103.2 1 0
github.com/KianIt/swag2api/example/methods.go:108.44,110.2 1 0
github.com/KianIt/swag2api/models/endpoint.go:12.40,14.2 1 0
github.com/KianIt/swag2api/models/field.go:16.31,18.2 1 0
github.com/KianIt/swag2api/models/field.go:21.41,22.21 1 0
github.com/KianIt/swag2api/models/field.go:22.21,24.3 1 0
github.com/KianIt/swag2api/models/field.go:25.2,25.11 1 0
github.com/KianIt/swag2api/models/field.go:29.33,31.2 1 0
github.com/KianIt/swag2api/models/function.go:14.40,16.2 1 0
github.com/KianIt/swag2api/models/function.go:22.47,25.23 2 0
github.com/KianIt/swag2api/models/function.go:25.23,27.3 1 0
github.com/KianIt/swag2api/models/function.go:29.2,29.13 1 0
github.com/KianIt/swag2api/models/import.go:15.33,17.2 1 0
github.com/KianIt/swag2api/models/param.go:17.36,19.2 1 0
github.com/KianIt/swag2api/models/param.go:25.41,28.23 2 0
github.com/KianIt/swag2api/models/param.go:28.23,30.3 1 0
github.com/KianIt/swag2api/models/param.go:32.2,32.13 1 0
github.com/KianIt/swag2api/models/param.go:39.50,41.2 1 0
github.com/KianIt/swag2api/models/param.go:44.39,46.2 1 0
github.com/KianIt/swag2api/models/param.go:49.41,51.2 1 0
github.com/KianIt/swag2api/models/param.go:54.42,56.2 1 0
github.com/KianIt/swag2api/models/param.go:80.61,81.20 1 0
github.com/KianIt/swag2api/models/param.go:82.14,83.19 1 0
github.com/KianIt/swag2api/models/param.go:84.15,85.20 1 0
github.com/KianIt/swag2api/models/param.go:86.14,87.19 1 0
github.com/KianIt/swag2api/models/param.go:88.10,89.70 1 0
github.com/KianIt/swag2api/parser/annot/parser.go:31.31,36.2 1 0
github.com/KianIt/swag2api/parser/annot/parser.go:42.56,45.71 2 0
github.com/KianIt/swag2api/parser/annot/parser.go:45.71,47.3 1 0
github.com/KianIt/swag2api/parser/annot/parser.go:50.2,50.58 1 0
github.com/KianIt/swag2api/parser/annot/parser.go:50.58,51.49 1 0
github.com/KianIt/swag2api/parser/annot/parser.go:51.49,53.4 1 0
github.com/KianIt/swag2api/parser/annot/parser.go:56.2,56.42 1 0
github.com/KianIt/swag2api/parser/annot/parser.go:56.42,56.86 1 0
github.com/KianIt/swag2api/parser/annot/parser.go:58.2,60.12 2 0
github.com/KianIt/swag2api/parser/annot/parser.go:64.67,65.21 1 0
github.com/KianIt/swag2api/parser/annot/parser.go:65.21,66.71 1 0
github.com/KianIt/swag2api/parser/annot/parser.go:66.71,68.4 1 0
github.com/KianIt/swag2api/parser/annot/parser.go:71.2,71.22 1 0
github.com/KianIt/swag2api/parser/annot/parser.go:71.22,72.73 1 0
github.com/KianIt/swag2api/parser/annot/parser.go:72.73,74.4 1 0
github.com/KianIt/swag2api/parser/annot/parser.go:77.2,77.21 1 0
github.com/KianIt/swag2api/parser/annot/parser.go:77.21,78.71 1 0
github.com/KianIt/swag2api/parser/annot/parser.go:78.71,80.4 1 0
github.com/KianIt/swag2api/parser/annot/parser.go:83.2,83.23 1 0
github.com/KianIt/swag2api/parser/annot/parser.go:83.23,84.75 1 0
github.com/KianIt/swag2api/parser/annot/parser.go:84.75,86.4 1 0
github.com/KianIt/swag2api/parser/annot/parser.go:89.2,89.24 1 0
github.com/KianIt/swag2api/parser/annot/parser.go:89.24,90.77 1 0
github.com/KianIt/swag2api/parser/annot/parser.go:90.77,92.4 1 0
github.com/KianIt/swag2api/parser/annot/parser.go:95.2,95.25 1 0
github.com/KianIt/swag2api/parser/annot/parser.go:95.25,96.79 1 0
github.com/KianIt/swag2api/parser/annot/parser.go:96.79,98.4 1 0
github.com/KianIt/swag2api/parser/annot/parser.go:101.2,101.22 1 0
github.com/KianIt/swag2api/parser/annot/parser.go:101.22,102.73 1 0
github.com/KianIt/swag2api/parser/annot/parser.go:102.73,104.4 1 0
github.com/KianIt/swag2api/parser/annot/parser.go:107.2,107.12 1 0
github.com/KianIt/swag2api/parser/annot/parser.go:111.77,112.15 1 0
github.com/KianIt/swag2api/parser/annot/parser.go:112.15,114.3 1 0
github.com/KianIt/swag2api/parser/annot/parser.go:116.2,116.17 1 0
github.com/KianIt/swag2api/parser/annot/parser.go:116.17,118.3 1 0
github.com/KianIt/swag2api/parser/annot/parser.go:120.2,123.16 3 0
github.com/KianIt/swag2api/parser/annot/parser.go:123.16,125.3 1 0
github.com/KianIt/swag2api/parser/annot/parser.go:127.2,136.12 2 0
github.com/KianIt/swag2api/parser/annot/parser.go:140.79,143.39 2 0
github.com/KianIt/swag2api/parser/annot/parser.go:143.39,145.17 2 0
github.com/KianIt/swag2api/parser/annot/parser.go:145.17,147.4 1 0
github.com/KianIt/swag2api/parser/annot/parser.go:149.3,149.33 1 0
github.com/KianIt/swag2api/parser/annot/parser.go:152.2,152.20 1 0
github.com/KianIt/swag2api/parser/annot/parser.go:156.73,158.16 2 0
github.com/KianIt/swag2api/parser/annot/parser.go:158.16,160.3 1 0
github.com/KianIt/swag2api/parser/annot/parser.go:162.2,163.16 2 0
github.com/KianIt/swag2api/parser/annot/parser.go:163.16,165.3 1 0
github.com/KianIt/swag2api/parser/annot/parser.go:167.2,175.19 2 0
github.com/KianIt/swag2api/parser/annot/parser.go:182.74,185.26 2 0
github.com/KianIt/swag2api/parser/annot/parser.go:185.26,187.3 1 0
github.com/KianIt/swag2api/parser/annot/parser.go:187.8,193.30 2 0
github.com/KianIt/swag2api/parser/annot/parser.go:193.30,196.4 2 0
github.com/KianIt/swag2api/parser/annot/parser.go:198.3,205.4 1 0
github.com/KianIt/swag2api/parser/annot/parser.go:208.2,208.35 1 0
github.com/KianIt/swag2api/parser/annot/parser.go:212.75,213.19 1 0
github.com/KianIt/swag2api/parser/annot/parser.go:213.19,215.3 1 0
github.com/KianIt/swag2api/parser/annot/parser.go:218.2,218.51 1 0
github.com/KianIt/swag2api/parser/annot/parser.go:218.51,220.45 1 0
github.com/KianIt/swag2api/parser/annot/parser.go:220.45,225.4 2 0
github.com/KianIt/swag2api/parser/annot/parser.go:227.3,227.28 1 0
github.com/KianIt/swag2api/parser/annot/parser.go:231.2,232.24 2 0
github.com/KianIt/swag2api/parser/annot/parser.go:233.19,234.31 1 0
github.com/KianIt/swag2api/parser/annot/parser.go:235.20,236.29 1 0
github.com/KianIt/swag2api/parser/annot/parser.go:237.20,238.28 1 0
github.com/KianIt/swag2api/parser/annot/parser.go:239.19,240.30 1 0
github.com/KianIt/swag2api/parser/annot/parser.go:241.18,242.30 1 0
github.com/KianIt/swag2api/parser/annot/parser.go:243.32,244.28 1 0
github.com/KianIt/swag2api/parser/annot/parser.go:245.18,253.26 2 0
github.com/KianIt/swag2api/parser/annot/parser.go:253.26,255.18 2 0
github.com/KianIt/swag2api/parser/annot/parser.go:255.18,257.5 1 0
github.com/KianIt/swag2api/parser/annot/parser.go:261.3,261.32 1 0
github.com/KianIt/swag2api/parser/annot/parser.go:262.19,270.41 2 0
github.com/KianIt/swag2api/parser/annot/parser.go:270.41,272.18 2 0
github.com/KianIt/swag2api/parser/annot/parser.go:272.18,274.5 1 0
github.com/KianIt/swag2api/parser/annot/parser.go:278.3,278.30 1 0
github.com/KianIt/swag2api/parser/annot/parser.go:281.2,281.21 1 0
github.com/KianIt/swag2api/parser/annot/parser.go:281.21,283.3 1 0
github.com/KianIt/swag2api/parser/annot/parser.go:285.2,285.61 1 0
github.com/KianIt/swag2api/parser/parser-wrapper/parser.go:24.40,29.2 1 0
github.com/KianIt/swag2api/parser/parser-wrapper/parser.go:35.77,38.58 2 0
github.com/KianIt/swag2api/parser/parser-wrapper/parser.go:38.58,40.3 1 0
github.com/KianIt/swag2api/parser/parser-wrapper/parser.go:42.2,42.61 1 0
github.com/KianIt/swag2api/parser/parser-wrapper/parser.go:42.61,44.3 1 0
github.com/KianIt/swag2api/parser/parser-wrapper/parser.go:46.2,47.16 2 0
github.com/KianIt/swag2api/parser/parser-wrapper/parser.go:47.16,49.3 1 0
github.com/KianIt/swag2api/parser/parser-wrapper/parser.go:51.2,58.12 6 0
github.com/KianIt/swag2api/parser/parser-wrapper/parser.go:62.54,64.2 1 0
github.com/KianIt/swag2api/parser/parser-wrapper/parser.go:67.69,73.42 4 0
github.com/KianIt/swag2api/parser/parser-wrapper/parser.go:73.42,74.50 1 0
github.com/KianIt/swag2api/parser/parser-wrapper/parser.go:74.50,76.4 1 0
github.com/KianIt/swag2api/parser/parser-wrapper/parser.go:79.2,79.44 1 0
github.com/KianIt/swag2api/parser/parser-wrapper/parser.go:79.44,80.57 1 0
github.com/KianIt/swag2api/parser/parser-wrapper/parser.go:80.57,84.18 3 0
github.com/KianIt/swag2api/parser/parser-wrapper/parser.go:84.18,86.5 1 0
github.com/KianIt/swag2api/parser/parser-wrapper/parser.go:87.4,89.53 2 0
github.com/KianIt/swag2api/parser/parser-wrapper/parser.go:93.2,93.27 1 0
github.com/KianIt/swag2api/parser/parser-wrapper/parser.go:97.107,103.41 4 0
github.com/KianIt/swag2api/parser/parser-wrapper/parser.go:103.41,104.52 1 0
github.com/KianIt/swag2api/parser/parser-wrapper/parser.go:104.52,106.4 1 0
github.com/KianIt/swag2api/parser/parser-wrapper/parser.go:109.2,109.43 1 0
github.com/KianIt/swag2api/parser/parser-wrapper/parser.go:109.43,111.10 2 0
github.com/KianIt/swag2api/parser/parser-wrapper/parser.go:111.10,113.4 1 0
github.com/KianIt/swag2api/parser/parser-wrapper/parser.go:113.9,113.51 1 0
github.com/KianIt/swag2api/parser/parser-wrapper/parser.go:113.51,115.4 1 0
github.com/KianIt/swag2api/parser/parser-wrapper/parser.go:117.3,118.55 2 0
github.com/KianIt/swag2api/parser/parser-wrapper/parser.go:121.2,121.28 1 0
github.com/KianIt/swag2api/parser/source/parser.go:37.32,43.2 1 0
github.com/KianIt/swag2api/parser/source/parser.go:49.59,56.16 4 0
github.com/KianIt/swag2api/parser/source/parser.go:56.16,58.3 1 0
github.com/KianIt/swag2api/parser/source/parser.go:60.2,60.40 1 0
github.com/KianIt/swag2api/parser/source/parser.go:60.40,60.90 1 0
github.com/KianIt/swag2api/parser/source/parser.go:63.2,63.29 1 0
github.com/KianIt/swag2api/parser/source/parser.go:63.29,65.3 1 0
github.com/KianIt/swag2api/parser/source/parser.go:67.2,67.42 1 0
github.com/KianIt/swag2api/parser/source/parser.go:67.42,67.86 1 0
github.com/KianIt/swag2api/parser/source/parser.go:69.2,69.12 1 0
github.com/KianIt/swag2api/parser/source/parser.go:73.66,76.86 2 0
github.com/KianIt/swag2api/parser/source/parser.go:76.86,78.53 1 0
github.com/KianIt/swag2api/parser/source/parser.go:78.53,80.4 1 0
github.com/KianIt/swag2api/parser/source/parser.go:83.3,84.22 2 0
github.com/KianIt/swag2api/parser/source/parser.go:84.22,86.4 1 0
github.com/KianIt/swag2api/parser/source/parser.go:89.3,90.21 2 0
github.com/KianIt/swag2api/parser/source/parser.go:90.21,92.4 1 0
github.com/KianIt/swag2api/parser/source/parser.go:95.3,95.59 1 0
github.com/KianIt/swag2api/parser/source/parser.go:95.59,97.4 1 0
github.com/KianIt/swag2api/parser/source/parser.go:99.3,101.13 2 0
github.com/KianIt/swag2api/parser/source/parser.go:102.17,104.3 1 0
github.com/KianIt/swag2api/parser/source/parser.go:106.2,106.19 1 0
github.com/KianIt/swag2api/parser/source/parser.go:112.51,113.17 1 0
github.com/KianIt/swag2api/parser/source/parser.go:113.17,115.3 1 0
github.com/KianIt/swag2api/parser/source/parser.go:117.2,117.29 1 0
github.com/KianIt/swag2api/parser/source/parser.go:118.17,120.34 1 0
github.com/KianIt/swag2api/parser/source/parser.go:120.34,122.4 1 0
github.com/KianIt/swag2api/parser/source/parser.go:124.3,124.11 1 0
github.com/KianIt/swag2api/parser/source/parser.go:125.20,131.11 3 0
github.com/KianIt/swag2api/parser/source/parser.go:132.21,134.47 1 0
github.com/KianIt/swag2api/parser/source/parser.go:134.47,136.4 1 0
github.com/KianIt/swag2api/parser/source/parser.go:138.3,138.13 1 0
github.com/KianIt/swag2api/parser/source/parser.go:141.2,141.12 1 0
github.com/KianIt/swag2api/parser/source/parser.go:145.54,146.42 1 0
github.com/KianIt/swag2api/parser/source/parser.go:146.42,148.3 1 0
github.com/KianIt/swag2api/parser/source/parser.go:150.2,150.34 1 0
github.com/KianIt/swag2api/parser/source/parser.go:150.34,151.49 1 0
github.com/KianIt/swag2api/parser/source/parser.go:151.49,152.42 1 0
github.com/KianIt/swag2api/parser/source/parser.go:152.42,153.41 1 0
github.com/KianIt/swag2api/parser/source/parser.go:153.41,156.6 2 0
github.com/KianIt/swag2api/parser/source/parser.go:163.50,164.45 1 0
github.com/KianIt/swag2api/parser/source/parser.go:164.45,166.3 1 0
github.com/KianIt/swag2api/parser/source/parser.go:168.2,168.34 1 0
github.com/KianIt/swag2api/parser/source/parser.go:168.34,169.51 1 0
github.com/KianIt/swag2api/parser/source/parser.go:169.51,171.18 2 0
github.com/KianIt/swag2api/parser/source/parser.go:171.18,173.13 2 0
github.com/KianIt/swag2api/parser/source/parser.go:176.4,177.30 2 0
github.com/KianIt/swag2api/parser/source/parser.go:177.30,179.5 1 0
github.com/KianIt/swag2api/parser/source/parser.go:181.4,184.6 1 0
github.com/KianIt/swag2api/parser/source/parser.go:190.58,191.17 1 0
github.com/KianIt/swag2api/parser/source/parser.go:191.17,193.3 1 0
github.com/KianIt/swag2api/parser/source/parser.go:195.2,199.16 3 0
github.com/KianIt/swag2api/parser/source/parser.go:199.16,201.3 1 0
github.com/KianIt/swag2api/parser/source/parser.go:204.2,205.16 2 0
github.com/KianIt/swag2api/parser/source/parser.go:205.16,207.3 1 0
github.com/KianIt/swag2api/parser/source/parser.go:209.2,215.12 2 0
github.com/KianIt/swag2api/parser/source/parser.go:219.87,220.22 1 0
github.com/KianIt/swag2api/parser/source/parser.go:220.22,222.3 1 0
github.com/KianIt/swag2api/parser/source/parser.go:224.2,225.39 2 0
github.com/KianIt/swag2api/parser/source/parser.go:225.39,227.17 2 0
github.com/KianIt/swag2api/parser/source/parser.go:227.17,229.4 1 0
github.com/KianIt/swag2api/parser/source/parser.go:231.3,231.42 1 0
github.com/KianIt/swag2api/parser/source/parser.go:234.2,234.20 1 0
github.com/KianIt/swag2api/parser/source/parser.go:238.75,239.18 1 0
github.com/KianIt/swag2api/parser/source/parser.go:239.18,241.3 1 0
github.com/KianIt/swag2api/parser/source/parser.go:243.2,244.16 2 0
github.com/KianIt/swag2api/parser/source/parser.go:244.16,246.3 1 0
github.com/KianIt/swag2api/parser/source/parser.go:249.2,249.27 1 0
github.com/KianIt/swag2api/parser/source/parser.go:249.27,251.3 1 0
github.com/KianIt/swag2api/parser/source/parser.go:254.2,255.35 2 0
github.com/KianIt/swag2api/parser/source/parser.go:255.35,257.3 1 0
github.com/KianIt/swag2api/parser/source/parser.go:259.2,259.20 1 0
github.com/KianIt/swag2api/parser/source/parser.go:263.89,264.22 1 0
github.com/KianIt/swag2api/parser/source/parser.go:264.22,266.3 1 0
github.com/KianIt/swag2api/parser/source/parser.go:268.2,270.39 3 0
github.com/KianIt/swag2api/parser/source/parser.go:270.39,272.17 2 0
github.com/KianIt/swag2api/parser/source/parser.go:272.17,274.4 1 0
github.com/KianIt/swag2api/parser/source/parser.go:276.3,277.27 2 0
github.com/KianIt/swag2api/parser/source/parser.go:280.2,280.21 1 0
github.com/KianIt/swag2api/parser/source/parser.go:286.86,287.18 1 0
github.com/KianIt/swag2api/parser/source/parser.go:287.18,289.3 1 0
github.com/KianIt/swag2api/parser/source/parser.go:291.2,292.16 2 0
github.com/KianIt/swag2api/parser/source/parser.go:292.16,294.3 1 0
github.com/KianIt/swag2api/parser/source/parser.go:297.2,297.27 1 0
github.com/KianIt/swag2api/parser/source/parser.go:297.27,299.3 1 0
github.com/KianIt/swag2api/parser/source/parser.go:302.2,303.35 2 0
github.com/KianIt/swag2api/parser/source/parser.go:303.35,305.3 1 0
github.com/KianIt/swag2api/parser/source/parser.go:307.2,307.21 1 0
github.com/KianIt/swag2api/parser/source/parser.go:311.78,314.71 2 0
github.com/KianIt/swag2api/parser/source/parser.go:314.71,316.3 1 0
github.com/KianIt/swag2api/parser/source/parser.go:318.2,321.16 3 0
github.com/KianIt/swag2api/parser/source/parser.go:321.16,323.3 1 0
github.com/KianIt/swag2api/parser/source/parser.go:325.2,325.33 1 0
github.com/KianIt/swag2api/parser/source/parser.go:329.77,333.18 2 0
github.com/KianIt/swag2api/parser/source/parser.go:334.111,335.28 1 0
github.com/KianIt/swag2api/parser/source/parser.go:336.28,337.30 1 0
github.com/KianIt/swag2api/parser/source/parser.go:338.14,339.29 1 0
github.com/KianIt/swag2api/parser/source/parser.go:340.16,341.31 1 0
github.com/KianIt/swag2api/parser/source/parser.go:342.15,343.30 1 0
github.com/KianIt/swag2api/parser/source/parser.go:344.28,345.28 1 0
github.com/KianIt/swag2api/parser/source/parser.go:348.2,348.21 1 0
github.com/KianIt/swag2api/parser/source/parser.go:348.21,350.3 1 0
github.com/KianIt/swag2api/parser/source/parser.go:353.2,353.39 1 0
github.com/KianIt/swag2api/parser/source/parser.go:353.39,356.17 2 0
github.com/KianIt/swag2api/parser/source/parser.go:356.17,358.4 1 0
github.com/KianIt/swag2api/parser/source/parser.go:361.3,361.32 1 0
github.com/KianIt/swag2api/parser/source/parser.go:365.2,365.41 1 0
github.com/KianIt/swag2api/parser/source/parser.go:365.41,368.13 2 0
github.com/KianIt/swag2api/parser/source/parser.go:368.13,370.4 1 0
github.com/KianIt/swag2api/parser/source/parser.go:373.3,374.17 2 0
[...]
github.com/KianIt/swag2api/parser/source/parser.go:112.51,113.17 1 0
github.com/KianIt/swag2api/parser/source/parser.go:113.17,115.3 1 0
github.com/KianIt/swag2api/parser/source/parser.go:117.2,117.29 1 0
github.com/KianIt/swag2api/parser/source/parser.go:118.17,120.34 1 0
github.com/KianIt/swag2api/parser/source/parser.go:120.34,122.4 1 0
github.com/KianIt/swag2api/parser/source/parser.go:124.3,124.11 1 0
github.com/KianIt/swag2api/parser/source/parser.go:125.20,131.11 3 0
github.com/KianIt/swag2api/parser/source/parser.go:132.21,134.47 1 0
github.com/KianIt/swag2api/parser/source/parser.go:134.47,136.4 1 0
github.com/KianIt/swag2api/parser/source/parser.go:138.3,138.13 1 0
github.com/KianIt/swag2api/parser/source/parser.go:141.2,141.12 1 0
github.com/KianIt/swag2api/parser/source/parser.go:145.54,146.42 1 0
github.com/KianIt/swag2api/parser/source/parser.go:146.42,148.3 1 0
github.com/KianIt/swag2api/parser/source/parser.go:150.2,150.34 1 0
github.com/KianIt/swag2api/parser/source/parser.go:150.34,151.49 1 0
github.com/KianIt/swag2api/parser/source/parser.go:151.49,152.42 1 0
github.com/KianIt/swag2api/parser/source/parser.go:152.42,153.41 1 0
github.com/KianIt/swag2api/parser/source/parser.go:153.41,156.6 2 0
github.com/KianIt/swag2api/parser/source/parser.go:163.50,164.45 1 0
github.com/KianIt/swag2api/parser/source/parser.go:164.45,166.3 1 0
github.com/KianIt/swag2api/parser/source/parser.go:168.2,168.34 1 0
github.com/KianIt/swag2api/parser/source/parser.go:168.34,169.51 1 0
github.com/KianIt/swag2api/parser/source/parser.go:169.51,171.18 2 0
github.com/KianIt/swag2api/parser/source/parser.go:171.18,173.13 2 0
github.com/KianIt/swag2api/parser/source/parser.go:176.4,177.30 2 0
github.com/KianIt/swag2api/parser/source/parser.go:177.30,179.5 1 0
github.com/KianIt/swag2api/parser/source/parser.go:181.4,184.6 1 0
github.com/KianIt/swag2api/parser/source/parser.go:190.58,191.17 1 0
github.com/KianIt/swag2api/parser/source/parser.go:191.17,193.3 1 0
github.com/KianIt/swag2api/parser/source/parser.go:195.2,199.16 3 0
github.com/KianIt/swag2api/parser/source/parser.go:199.16,201.3 1 0
github.com/KianIt/swag2api/parser/source/parser.go:204.2,205.16 2 0
github.com/KianIt/swag2api/parser/source/parser.go:205.16,207.3 1 0
github.com/KianIt/swag2api/parser/source/parser.go:209.2,215.12 2 0
github.com/KianIt/swag2api/parser/source/parser.go:219.87,220.22 1 0
github.com/KianIt/swag2api/parser/source/parser.go:220.22,222.3 1 0
github.com/KianIt/swag2api/parser/source/parser.go:224.2,225.39 2 0
github.com/KianIt/swag2api/parser/source/parser.go:225.39,227.17 2 0
github.com/KianIt/swag2api/parser/source/parser.go:227.17,229.4 1 0
github.com/KianIt/swag2api/parser/source/parser.go:231.3,231.42 1 0
github.com/KianIt/swag2api/parser/source/parser.go:234.2,234.20 1 0
github.com/KianIt/swag2api/parser/source/parser.go:238.75,239.18 1 0
github.com/KianIt/swag2api/parser/source/parser.go:239.18,241.3 1 0
github.com/KianIt/swag2api/parser/source/parser.go:243.2,244.16 2 0
github.com/KianIt/swag2api/parser/source/parser.go:244.16,246.3 1 0
github.com/KianIt/swag2api/parser/source/parser.go:249.2,249.27 1 0
github.com/KianIt/swag2api/parser/source/parser.go:249.27,251.3 1 0
github.com/KianIt/swag2api/parser/source/parser.go:254.2,255.35 2 0
github.com/KianIt/swag2api/parser/source/parser.go:255.35,257.3 1 0
github.com/KianIt/swag2api/parser/source/parser.go:259.2,259.20 1 0
github.com/KianIt/swag2api/parser/source/parser.go:263.89,264.22 1 0
github.com/KianIt/swag2api/parser/source/parser.go:264.22,266.3 1 0
github.com/KianIt/swag2api/parser/source/parser.go:268.2,270.39 3 0
github.com/KianIt/swag2api/parser/source/parser.go:270.39,272.17 2 0
github.com/KianIt/swag2api/parser/source/parser.go:272.17,274.4 1 0
github.com/KianIt/swag2api/parser/source/parser.go:276.3,277.27 2 0
github.com/KianIt/swag2api/parser/source/parser.go:280.2,280.21 1 0
github.com/KianIt/swag2api/parser/source/parser.go:286.86,287.18 1 0
github.com/KianIt/swag2api/parser/source/parser.go:287.18,289.3 1 0
github.com/KianIt/swag2api/parser/source/parser.go:291.2,292.16 2 0
github.com/KianIt/swag2api/parser/source/parser.go:292.16,294.3 1 0
github.com/KianIt/swag2api/parser/source/parser.go:297.2,297.27 1 0
github.com/KianIt/swag2api/parser/source/parser.go:297.27,299.3 1 0
github.com/KianIt/swag2api/parser/source/parser.go:302.2,303.35 2 0
github.com/KianIt/swag2api/parser/source/parser.go:303.35,305.3 1 0
github.com/KianIt/swag2api/parser/source/parser.go:307.2,307.21 1 0
github.com/KianIt/swag2api/parser/source/parser.go:311.78,314.71 2 0
github.com/KianIt/swag2api/parser/source/parser.go:314.71,316.3 1 0
github.com/KianIt/swag2api/parser/source/parser.go:318.2,321.16 3 0
github.com/KianIt/swag2api/parser/source/parser.go:321.16,323.3 1 0
github.com/KianIt/swag2api/parser/source/parser.go:325.2,325.33 1 0
github.com/KianIt/swag2api/parser/source/parser.go:329.77,333.18 2 0
github.com/KianIt/swag2api/parser/source/parser.go:334.111,335.28 1 0
github.com/KianIt/swag2api/parser/source/parser.go:336.28,337.30 1 0
github.com/KianIt/swag2api/parser/source/parser.go:338.14,339.29 1 0
github.com/KianIt/swag2api/parser/source/parser.go:340.16,341.31 1 0
github.com/KianIt/swag2api/parser/source/parser.go:342.15,343.30 1 0
github.com/KianIt/swag2api/parser/source/parser.go:344.28,345.28 1 0
github.com/KianIt/swag2api/parser/source/parser.go:348.2,348.21 1 0
github.com/KianIt/swag2api/parser/source/parser.go:348.21,350.3 1 0
github.com/KianIt/swag2api/parser/source/parser.go:353.2,353.39 1 0
github.com/KianIt/swag2api/parser/source/parser.go:353.39,356.17 2 0
github.com/KianIt/swag2api/parser/source/parser.go:356.17,358.4 1 0
github.com/KianIt/swag2api/parser/source/parser.go:361.3,361.32 1 0
github.com/KianIt/swag2api/parser/source/parser.go:365.2,365.41 1 0
github.com/KianIt/swag2api/parser/source/parser.go:365.41,368.13 2 0
github.com/KianIt/swag2api/parser/source/parser.go:368.13,370.4 1 0
github.com/KianIt/swag2api/parser/source/parser.go:373.3,374.17 2 0
github.com/KianIt/swag2api/parser/source/parser.go:374.17,376.4 1 0
github.com/KianIt/swag2api/parser/source/parser.go:379.3,379.30 1 0
github.com/KianIt/swag2api/parser/source/parser.go:383.2,384.38 2 0
github.com/KianIt/swag2api/parser/source/parser.go:384.38,386.3 1 0
github.com/KianIt/swag2api/parser/source/parser.go:389.2,389.34 1 0
github.com/KianIt/swag2api/statuses/error-wrappers.go:80.47,82.2 1 0
github.com/KianIt/swag2api/statuses/error-wrappers.go:85.51,87.2 1 0
github.com/KianIt/swag2api/statuses/error-wrappers.go:90.51,91.19 1 0
github.com/KianIt/swag2api/statuses/error-wrappers.go:91.19,93.3 1 0
github.com/KianIt/swag2api/statuses/error-wrappers.go:94.2,94.11 1 0
github.com/KianIt/swag2api/statuses/error-wrappers.go:98.67,103.2 1 0
github.com/KianIt/swag2api/statuses/error-wrappers.go:111.84,111.125 1 0
github.com/KianIt/swag2api/statuses/error-wrappers.go:112.84,112.135 1 0
github.com/KianIt/swag2api/statuses/error-wrappers.go:113.84,113.127 1 0
github.com/KianIt/swag2api/statuses/error-wrappers.go:114.84,114.127 1 0
github.com/KianIt/swag2api/statuses/error-wrappers.go:115.84,115.119 1 0
github.com/KianIt/swag2api/statuses/error-wrappers.go:116.84,116.124 1 0
github.com/KianIt/swag2api/statuses/error-wrappers.go:117.84,117.125 1 0
github.com/KianIt/swag2api/statuses/error-wrappers.go:118.84,118.137 1 0
github.com/KianIt/swag2api/statuses/error-wrappers.go:119.84,119.126 1 0
github.com/KianIt/swag2api/statuses/error-wrappers.go:120.84,120.129 1 0
github.com/KianIt/swag2api/statuses/error-wrappers.go:121.84,121.131 1 0
github.com/KianIt/swag2api/statuses/error-wrappers.go:122.84,122.128 1 0
github.com/KianIt/swag2api/statuses/error-wrappers.go:123.84,123.132 1 0
github.com/KianIt/swag2api/statuses/error-wrappers.go:124.84,124.123 1 0
github.com/KianIt/swag2api/statuses/error-wrappers.go:125.84,125.132 1 0
github.com/KianIt/swag2api/statuses/error-wrappers.go:126.84,126.133 1 0
github.com/KianIt/swag2api/statuses/error-wrappers.go:127.84,127.122 1 0
github.com/KianIt/swag2api/statuses/error-wrappers.go:128.84,128.125 1 0
github.com/KianIt/swag2api/statuses/error-wrappers.go:129.84,129.128 1 0
github.com/KianIt/swag2api/statuses/error-wrappers.go:130.84,130.125 1 0
github.com/KianIt/swag2api/statuses/error-wrappers.go:131.84,131.134 1 0
github.com/KianIt/swag2api/statuses/error-wrappers.go:132.84,132.134 1 0
github.com/KianIt/swag2api/statuses/error-wrappers.go:133.84,133.132 1 0
github.com/KianIt/swag2api/statuses/error-wrappers.go:134.84,134.134 1 0
github.com/KianIt/swag2api/statuses/error-wrappers.go:135.84,135.137 1 0
github.com/KianIt/swag2api/statuses/error-wrappers.go:136.84,136.131 1 0
github.com/KianIt/swag2api/statuses/error-wrappers.go:137.84,137.130 1 0
github.com/KianIt/swag2api/statuses/error-wrappers.go:138.84,138.138 1 0
github.com/KianIt/swag2api/statuses/error-wrappers.go:139.84,139.135 1 0
github.com/KianIt/swag2api/statuses/error-wrappers.go:140.84,140.139 1 0
github.com/KianIt/swag2api/statuses/error-wrappers.go:141.84,141.136 1 0
github.com/KianIt/swag2api/statuses/error-wrappers.go:142.84,142.130 1 0
github.com/KianIt/swag2api/statuses/error-wrappers.go:143.84,143.126 1 0
github.com/KianIt/swag2api/statuses/error-wrappers.go:144.84,144.136 1 0
github.com/KianIt/swag2api/statuses/error-wrappers.go:145.84,145.140 1 0
github.com/KianIt/swag2api/statuses/error-wrappers.go:146.84,146.143 1 0
github.com/KianIt/swag2api/statuses/error-wrappers.go:147.84,147.139 1 0
github.com/KianIt/swag2api/statuses/error-wrappers.go:148.84,148.142 1 0
github.com/KianIt/swag2api/statuses/error-wrappers.go:149.84,149.150 1 0
github.com/KianIt/swag2api/statuses/error-wrappers.go:150.84,150.139 1 0
github.com/KianIt/swag2api/statuses/error-wrappers.go:151.84,151.128 1 0
github.com/KianIt/swag2api/statuses/error-wrappers.go:152.84,152.140 1 0
github.com/KianIt/swag2api/statuses/error-wrappers.go:153.84,153.141 1 0
github.com/KianIt/swag2api/statuses/error-wrappers.go:154.84,154.128 1 0
github.com/KianIt/swag2api/statuses/error-wrappers.go:155.84,155.138 1 0
github.com/KianIt/swag2api/statuses/error-wrappers.go:156.84,156.130 1 0
github.com/KianIt/swag2api/statuses/error-wrappers.go:157.84,157.137 1 0
github.com/KianIt/swag2api/statuses/error-wrappers.go:158.84,158.142 1 0
github.com/KianIt/swag2api/statuses/error-wrappers.go:159.84,159.137 1 0
github.com/KianIt/swag2api/statuses/error-wrappers.go:160.84,160.149 1 0
github.com/KianIt/swag2api/statuses/error-wrappers.go:161.84,161.148 1 0
github.com/KianIt/swag2api/statuses/error-wrappers.go:162.84,162.141 1 0
github.com/KianIt/swag2api/statuses/error-wrappers.go:163.84,163.136 1 0
github.com/KianIt/swag2api/statuses/error-wrappers.go:164.84,164.132 1 0
github.com/KianIt/swag2api/statuses/error-wrappers.go:165.84,165.140 1 0
github.com/KianIt/swag2api/statuses/error-wrappers.go:166.84,166.136 1 0
github.com/KianIt/swag2api/statuses/error-wrappers.go:167.84,167.145 1 0
github.com/KianIt/swag2api/statuses/error-wrappers.go:168.84,168.143 1 0
github.com/KianIt/swag2api/statuses/error-wrappers.go:169.84,169.141 1 0
github.com/KianIt/swag2api/statuses/error-wrappers.go:170.84,170.134 1 0
github.com/KianIt/swag2api/statuses/error-wrappers.go:171.84,171.133 1 0
github.com/KianIt/swag2api/statuses/error-wrappers.go:172.84,172.151 1 0
github.com/KianIt/swag2api/utils/files.go:9.35,11.2 1 1
github.com/KianIt/swag2api/validator/validator.go:16.40,18.16 2 0
github.com/KianIt/swag2api/validator/validator.go:18.16,19.37 1 0
github.com/KianIt/swag2api/validator/validator.go:19.37,21.4 1 0
github.com/KianIt/swag2api/validator/validator.go:22.3,22.42 1 0
github.com/KianIt/swag2api/validator/validator.go:25.2,25.19 1 0
github.com/KianIt/swag2api/validator/validator.go:25.19,27.3 1 0
github.com/KianIt/swag2api/validator/validator.go:29.2,29.12 1 0
github.com/KianIt/swag2api/validator/validator.go:33.46,35.16 2 0
github.com/KianIt/swag2api/validator/validator.go:35.16,36.37 1 0
github.com/KianIt/swag2api/validator/validator.go:36.37,38.4 1 0
github.com/KianIt/swag2api/validator/validator.go:39.3,39.42 1 0
github.com/KianIt/swag2api/validator/validator.go:42.2,42.18 1 0
github.com/KianIt/swag2api/validator/validator.go:42.18,44.3 1 0
github.com/KianIt/swag2api/validator/validator.go:46.2,46.12 1 0
github.com/KianIt/swag2api/validator/validator.go:51.44,53.16 2 0
github.com/KianIt/swag2api/validator/validator.go:53.16,54.37 1 0
github.com/KianIt/swag2api/validator/validator.go:54.37,56.4 1 0
github.com/KianIt/swag2api/validator/validator.go:57.3,57.42 1 0
github.com/KianIt/swag2api/validator/validator.go:60.2,60.18 1 0
github.com/KianIt/swag2api/validator/validator.go:60.18,62.3 1 0
github.com/KianIt/swag2api/validator/validator.go:64.2,64.42 1 0
github.com/KianIt/swag2api/validator/validator.go:64.42,66.3 1 0
github.com/KianIt/swag2api/validator/validator.go:68.2,68.12 1 0
github.com/KianIt/swag2api/example/generated.go:17.63,19.2 1 0
github.com/KianIt/swag2api/example/generated.go:20.62,21.51 1 0
github.com/KianIt/swag2api/example/generated.go:21.51,23.3 1 0
github.com/KianIt/swag2api/example/generated.go:24.2,24.17 1 0
github.com/KianIt/swag2api/example/generated.go:26.58,31.16 2 0
github.com/KianIt/swag2api/example/generated.go:31.16,33.3 1 0
github.com/KianIt/swag2api/example/generated.go:34.2,35.35 2 0
github.com/KianIt/swag2api/example/generated.go:37.68,38.16 1 0
github.com/KianIt/swag2api/example/generated.go:38.16,41.3 2 0
github.com/KianIt/swag2api/example/generated.go:42.2,45.9 1 0
github.com/KianIt/swag2api/example/generated.go:45.9,46.33 1 0
github.com/KianIt/swag2api/example/generated.go:46.33,48.4 1 0
github.com/KianIt/swag2api/example/generated.go:48.9,48.29 1 0
github.com/KianIt/swag2api/example/generated.go:48.29,50.4 1 0
github.com/KianIt/swag2api/example/generated.go:50.9,52.4 1 0
github.com/KianIt/swag2api/example/generated.go:53.3,53.9 1 0
github.com/KianIt/swag2api/example/generated.go:55.2,55.87 1 0
github.com/KianIt/swag2api/example/generated.go:57.68,61.2 3 0
github.com/KianIt/swag2api/example/generated.go:62.63,65.35 3 0
github.com/KianIt/swag2api/example/generated.go:65.35,68.3 2 0
github.com/KianIt/swag2api/example/generated.go:69.2,71.32 3 0
github.com/KianIt/swag2api/example/generated.go:71.32,74.3 2 0
github.com/KianIt/swag2api/example/generated.go:75.2,77.36 3 0
github.com/KianIt/swag2api/example/generated.go:77.36,80.3 2 0
github.com/KianIt/swag2api/example/generated.go:81.2,83.33 3 0
github.com/KianIt/swag2api/example/generated.go:83.33,86.3 2 0
github.com/KianIt/swag2api/example/generated.go:87.2,89.34 3 0
github.com/KianIt/swag2api/example/generated.go:89.34,92.3 2 0
github.com/KianIt/swag2api/example/generated.go:93.2,98.37 4 0
github.com/KianIt/swag2api/example/generated.go:100.64,107.2 4 0
github.com/KianIt/swag2api/example/generated.go:108.63,111.36 3 0
github.com/KianIt/swag2api/example/generated.go:111.36,114.3 2 0
github.com/KianIt/swag2api/example/generated.go:115.2,117.33 3 0
github.com/KianIt/swag2api/example/generated.go:117.33,120.3 2 0
github.com/KianIt/swag2api/example/generated.go:121.2,123.37 3 0
github.com/KianIt/swag2api/example/generated.go:123.37,126.3 2 0
github.com/KianIt/swag2api/example/generated.go:127.2,129.34 3 0
github.com/KianIt/swag2api/example/generated.go:129.34,132.3 2 0
github.com/KianIt/swag2api/example/generated.go:133.2,135.35 3 0
github.com/KianIt/swag2api/example/generated.go:135.35,138.3 2 0
github.com/KianIt/swag2api/example/generated.go:139.2,143.37 4 0
github.com/KianIt/swag2api/example/generated.go:145.63,147.25 2 0
github.com/KianIt/swag2api/example/generated.go:147.25,150.3 2 0
github.com/KianIt/swag2api/example/generated.go:151.2,159.35 3 0
github.com/KianIt/swag2api/example/generated.go:159.35,162.3 2 0
github.com/KianIt/swag2api/example/generated.go:163.2,168.37 4 0
github.com/KianIt/swag2api/example/generated.go:170.63,173.35 3 0
github.com/KianIt/swag2api/example/generated.go:173.35,176.3 2 0
github.com/KianIt/swag2api/example/generated.go:177.2,179.36 3 0
github.com/KianIt/swag2api/example/generated.go:179.36,182.3 2 0
github.com/KianIt/swag2api/example/generated.go:183.2,184.25 2 0
github.com/KianIt/swag2api/example/generated.go:184.25,187.3 2 0
github.com/KianIt/swag2api/example/generated.go:188.2,189.35 2 0
github.com/KianIt/swag2api/example/generated.go:189.35,192.3 2 0
github.com/KianIt/swag2api/example/generated.go:193.2,198.38 4 0
github.com/KianIt/swag2api/example/generated.go:200.63,202.25 2 0
github.com/KianIt/swag2api/example/generated.go:202.25,205.3 2 0
github.com/KianIt/swag2api/example/generated.go:206.2,207.32 2 0
github.com/KianIt/swag2api/example/generated.go:207.32,210.3 2 0
github.com/KianIt/swag2api/example/generated.go:211.2,216.39 4 0
github.com/KianIt/swag2api/example/generated.go:218.63,221.31 3 0
github.com/KianIt/swag2api/example/generated.go:221.31,224.3 2 0
github.com/KianIt/swag2api/example/generated.go:225.2,227.31 3 0
github.com/KianIt/swag2api/example/generated.go:227.31,230.3 2 0
github.com/KianIt/swag2api/example/generated.go:231.2,233.31 3 0
github.com/KianIt/swag2api/example/generated.go:233.31,236.3 2 0
github.com/KianIt/swag2api/example/generated.go:237.2,239.31 3 0
github.com/KianIt/swag2api/example/generated.go:239.31,242.3 2 0
github.com/KianIt/swag2api/example/generated.go:243.2,245.31 3 0
github.com/KianIt/swag2api/example/generated.go:245.31,248.3 2 0
github.com/KianIt/swag2api/example/generated.go:249.2,254.37 4 0
github.com/KianIt/swag2api/example/generated.go:256.63,258.25 2 0
github.com/KianIt/swag2api/example/generated.go:258.25,261.3 2 0
github.com/KianIt/swag2api/example/generated.go:262.2,268.35 3 0
github.com/KianIt/swag2api/example/generated.go:268.35,271.3 2 0
github.com/KianIt/swag2api/example/generated.go:272.2,277.37 4 0
github.com/KianIt/swag2api/example/generated.go:279.63,286.2 4 0
github.com/KianIt/swag2api/example/generated.go:287.63,294.2 4 0
github.com/KianIt/swag2api/example/generated.go:295.13,308.2 12 0
github.com/KianIt/swag2api/example/main.go:27.93,31.2 3 0
github.com/KianIt/swag2api/example/main.go:33.13,36.81 2 0
github.com/KianIt/swag2api/example/main.go:36.81,38.3 1 0
github.com/KianIt/swag2api/example/main.go:41.45,48.2 1 0
github.com/KianIt/swag2api/example/main.go:50.56,51.71 1 0
github.com/KianIt/swag2api/example/main.go:51.71,56.49 2 0
github.com/KianIt/swag2api/example/main.go:56.49,59.4 2 0
github.com/KianIt/swag2api/example/main.go:60.3,64.23 3 0
github.com/KianIt/swag2api/example/main.go:68.95,71.12 2 0
github.com/KianIt/swag2api/example/main.go:71.12,73.90 2 0
github.com/KianIt/swag2api/example/main.go:73.90,75.4 1 0
github.com/KianIt/swag2api/example/main.go:76.3,76.17 1 0
github.com/KianIt/swag2api/example/main.go:79.2,82.9 3 0
github.com/KianIt/swag2api/example/main.go:83.24,84.48 1 0
github.com/KianIt/swag2api/example/main.go:85.14,86.49 1 0
github.com/KianIt/swag2api/example/main.go:87.20,88.56 1 0
github.com/KianIt/swag2api/example/main.go:91.2,94.53 3 0
github.com/KianIt/swag2api/example/main.go:94.53,95.50 1 0
github.com/KianIt/swag2api/example/main.go:95.50,97.4 1 0
github.com/KianIt/swag2api/example/main.go:98.3,98.47 1 0
github.com/KianIt/swag2api/example/main.go:101.2,103.12 2 0
github.com/KianIt/swag2api/example/methods.go:27.127,29.2 1 0
github.com/KianIt/swag2api/example/methods.go:39.127,41.2 1 0
github.com/KianIt/swag2api/example/methods.go:51.125,53.2 1 0
github.com/KianIt/swag2api/example/methods.go:61.74,63.2 1 0
github.com/KianIt/swag2api/example/methods.go:69.80,71.2 1 0
github.com/KianIt/swag2api/example/methods.go:77.107,79.2 1 0
github.com/KianIt/swag2api/example/methods.go:87.150,89.2 1 0
github.com/KianIt/swag2api/example/methods.go:94.43,96.2 1 0
github.com/KianIt/swag2api/example/methods.go:101.43,103.2 1 0
github.com/KianIt/swag2api/example/methods.go:108.44,110.2 1 0
github.com/KianIt/swag2api/cmd/swag2api/main.go:24.18,30.2 5 0
github.com/KianIt/swag2api/cmd/swag2api/main.go:32.13,35.87 2 0
github.com/KianIt/swag2api/cmd/swag2api/main.go:35.87,37.3 1 0
